This file contains any messages produced by compilers while
running configure, to aid debugging if configure makes a mistake.

It was created by openocd configure 0.12.0-rc1, which was
generated by GNU Autoconf 2.71.  Invocation command line was

  $ ./configure --enable-ftdi

## --------- ##
## Platform. ##
## --------- ##

hostname = ICT0123753
uname -m = x86_64
uname -r = 3.3.6-341.x86_64
uname -s = MINGW64_NT-10.0-19044
uname -v = 2022-09-20 22:07 UTC

/usr/bin/uname -p = unknown
/bin/uname -X     = unknown

/bin/arch              = x86_64
/usr/bin/arch -k       = unknown
/usr/convex/getsysinfo = unknown
/usr/bin/hostinfo      = unknown
/bin/machine           = unknown
/usr/bin/oslevel       = unknown
/bin/universe          = unknown

PATH: /mingw64/bin/
PATH: /usr/local/bin/
PATH: /usr/bin/
PATH: /bin/
PATH: /c/Windows/System32/
PATH: /c/Windows/
PATH: /c/Windows/System32/Wbem/
PATH: /c/Windows/System32/WindowsPowerShell/v1.0/
PATH: /usr/bin/site_perl/
PATH: /usr/bin/vendor_perl/
PATH: /usr/bin/core_perl/


## ----------- ##
## Core tests. ##
## ----------- ##

configure:2472: loading site script /etc/config.site
| # This file is in public domain.
| # Original author: Karlson2k (Evgeny Grin)
| # Written for MSys2 to help running 'configure' scripts
| 
| # Defaults for MSys2/MinGW64-targeted programs
| 
| # Set proper selfname on bash and fallback to default name on other shells
| test -n "${BASH_SOURCE}" 2>/dev/null && config_site_me="${BASH_SOURCE[0]##*/}" || config_site_me=config.site
| 
| # Set default 'host' to speedup configure
| if test -z "$build_alias"; then
|   build_alias="${MSYSTEM_CHOST}"  && \
|     ${as_echo-echo} "$config_site_me:${as_lineno-$LINENO}: default build_alias set to $build_alias" >&5
| fi
| 
| # Set default 'prefix'
| if ( test -z "$prefix" || test "x$prefix" = "xNONE" ) && \
|     ( test -z "$exec_prefix" || test "x$exec_prefix" = "xNONE" ); then
|   prefix="${MSYSTEM_PREFIX}" && \
|     ${as_echo-echo} "$config_site_me:${as_lineno-$LINENO}: default prefix set to $prefix" >&5
| fi
config.site:13: default build_alias set to x86_64-w64-mingw32
config.site:20: default prefix set to /mingw64
configure:2831: looking for aux files: config.guess config.sub ltmain.sh compile missing install-sh
configure:2844:  trying ./build-aux/
configure:2873:   ./build-aux/config.guess found
configure:2873:   ./build-aux/config.sub found
configure:2873:   ./build-aux/ltmain.sh found
configure:2873:   ./build-aux/compile found
configure:2873:   ./build-aux/missing found
configure:2855:   ./build-aux/install-sh found
configure:2992: checking for makeinfo
configure:3027: result: no
configure:3036: WARNING: Info documentation will not be built.
configure:3060: checking for a BSD-compatible install
configure:3133: result: /usr/bin/install -c
configure:3144: checking whether build environment is sane
configure:3199: result: yes
configure:3358: checking for a race-free mkdir -p
configure:3402: result: /usr/bin/mkdir -p
configure:3409: checking for gawk
configure:3430: found /usr/bin/gawk
configure:3441: result: gawk
configure:3452: checking whether make sets $(MAKE)
configure:3475: result: yes
configure:3505: checking whether make supports nested variables
configure:3523: result: yes
configure:3731: checking for gcc
configure:3752: found /mingw64/bin/gcc
configure:3763: result: gcc
configure:4116: checking for C compiler version
configure:4125: gcc --version >&5
gcc.exe (Rev1, Built by MSYS2 project) 12.2.0
Copyright (C) 2022 Free Software Foundation, Inc.
This is free software; see the source for copying conditions.  There is NO
warranty; not even for MERCHANTABILITY or FITNESS FOR A PARTICULAR PURPOSE.

configure:4136: $? = 0
configure:4125: gcc -v >&5
Using built-in specs.
COLLECT_GCC=C:\msys64\mingw64\bin\gcc.exe
COLLECT_LTO_WRAPPER=C:/msys64/mingw64/bin/../lib/gcc/x86_64-w64-mingw32/12.2.0/lto-wrapper.exe
Target: x86_64-w64-mingw32
Configured with: ../gcc-12.2.0/configure --prefix=/mingw64 --with-local-prefix=/mingw64/local --build=x86_64-w64-mingw32 --host=x86_64-w64-mingw32 --target=x86_64-w64-mingw32 --with-native-system-header-dir=/mingw64/include --libexecdir=/mingw64/lib --enable-bootstrap --enable-checking=release --with-arch=x86-64 --with-tune=generic --enable-languages=c,lto,c++,fortran,ada,objc,obj-c++,jit --enable-shared --enable-static --enable-libatomic --enable-threads=posix --enable-graphite --enable-fully-dynamic-string --enable-libstdcxx-filesystem-ts --enable-libstdcxx-time --disable-libstdcxx-pch --enable-lto --enable-libgomp --disable-multilib --disable-rpath --disable-win32-registry --disable-nls --disable-werror --disable-symvers --with-libiconv --with-system-zlib --with-gmp=/mingw64 --with-mpfr=/mingw64 --with-mpc=/mingw64 --with-isl=/mingw64 --with-pkgversion='Rev1, Built by MSYS2 project' --with-bugurl=https://github.com/msys2/MINGW-packages/issues --with-gnu-as --with-gnu-ld --disable-libstdcxx-debug --with-boot-ldflags=-static-libstdc++ --with-stage1-ldflags=-static-libstdc++
Thread model: posix
Supported LTO compression algorithms: zlib zstd
gcc version 12.2.0 (Rev1, Built by MSYS2 project) 
configure:4136: $? = 0
configure:4125: gcc -V >&5
gcc.exe: error: unrecognized command-line option '-V'
gcc.exe: fatal error: no input files
compilation terminated.
configure:4136: $? = 1
configure:4125: gcc -qversion >&5
gcc.exe: error: unrecognized command-line option '-qversion'; did you mean '--version'?
gcc.exe: fatal error: no input files
compilation terminated.
configure:4136: $? = 1
configure:4125: gcc -version >&5
gcc.exe: error: unrecognized command-line option '-version'
gcc.exe: fatal error: no input files
compilation terminated.
configure:4136: $? = 1
configure:4156: checking whether the C compiler works
configure:4178: gcc    conftest.c  >&5
configure:4182: $? = 0
configure:4232: result: yes
configure:4235: checking for C compiler default output file name
configure:4237: result: a.exe
configure:4243: checking for suffix of executables
configure:4250: gcc -o conftest.exe    conftest.c  >&5
configure:4254: $? = 0
configure:4277: result: .exe
configure:4299: checking whether we are cross compiling
configure:4307: gcc -o conftest.exe    conftest.c  >&5
configure:4311: $? = 0
configure:4318: ./conftest.exe
configure:4322: $? = 0
configure:4337: result: no
configure:4342: checking for suffix of object files
configure:4365: gcc -c   conftest.c >&5
configure:4369: $? = 0
configure:4391: result: o
configure:4395: checking whether the compiler supports GNU C
configure:4415: gcc -c   conftest.c >&5
configure:4415: $? = 0
configure:4425: result: yes
configure:4436: checking whether gcc accepts -g
configure:4457: gcc -c -g  conftest.c >&5
configure:4457: $? = 0
configure:4501: result: yes
configure:4521: checking for gcc option to enable C11 features
configure:4536: gcc  -c -g -O2  conftest.c >&5
configure:4536: $? = 0
configure:4554: result: none needed
configure:4670: checking whether gcc understands -c and -o together
configure:4693: gcc -c conftest.c -o conftest2.o
configure:4696: $? = 0
configure:4693: gcc -c conftest.c -o conftest2.o
configure:4696: $? = 0
configure:4708: result: yes
configure:4728: checking whether make supports the include directive
configure:4743: make -f confmf.GNU && cat confinc.out
this is the am__doit target
configure:4746: $? = 0
configure:4765: result: yes (GNU style)
configure:4791: checking dependency style of gcc
configure:4903: result: gcc3
configure:4969: checking for ranlib
configure:4990: found /mingw64/bin/ranlib
configure:5001: result: ranlib
configure:5086: checking for pkg-config
configure:5109: found /mingw64/bin/pkg-config
configure:5121: result: /mingw64/bin/pkg-config
configure:5146: checking pkg-config is at least version 0.23
configure:5149: result: yes
configure:5225: checking build system type
configure:5240: result: x86_64-w64-mingw32
configure:5260: checking host system type
configure:5274: result: x86_64-w64-mingw32
configure:5315: checking how to print strings
configure:5342: result: printf
configure:5363: checking for a sed that does not truncate output
configure:5433: result: /usr/bin/sed
configure:5451: checking for grep that handles long lines and -e
configure:5515: result: /usr/bin/grep
configure:5520: checking for egrep
configure:5588: result: /usr/bin/grep -E
configure:5593: checking for fgrep
configure:5661: result: /usr/bin/grep -F
configure:5697: checking for ld used by gcc
configure:5765: result: C:/msys64/mingw64/x86_64-w64-mingw32/bin/ld.exe
configure:5772: checking if the linker (C:/msys64/mingw64/x86_64-w64-mingw32/bin/ld.exe) is GNU ld
configure:5788: result: yes
configure:5800: checking for BSD- or MS-compatible name lister (nm)
configure:5855: result: /mingw64/bin/nm -B
configure:5995: checking the name lister (/mingw64/bin/nm -B) interface
configure:6003: gcc -c -g -O2  conftest.c >&5
configure:6006: /mingw64/bin/nm -B "conftest.o"
configure:6009: output
0000000000000000 b .bss
0000000000000000 d .data
0000000000000000 N .debug_abbrev
0000000000000000 N .debug_aranges
0000000000000000 N .debug_info
0000000000000000 N .debug_line
0000000000000000 N .debug_line_str
0000000000000000 r .rdata$zzz
0000000000000000 t .text
0000000000000000 B some_variable
configure:6016: result: BSD nm
configure:6019: checking whether ln -s works
configure:6026: result: no, using cp -pR
configure:6031: checking the maximum length of command line arguments
configure:6163: result: 8192
configure:6211: checking how to convert x86_64-w64-mingw32 file names to x86_64-w64-mingw32 format
configure:6252: result: func_convert_file_msys_to_w32
configure:6259: checking how to convert x86_64-w64-mingw32 file names to toolchain format
configure:6280: result: func_convert_file_msys_to_w32
configure:6287: checking for C:/msys64/mingw64/x86_64-w64-mingw32/bin/ld.exe option to reload object files
configure:6295: result: -r
configure:6374: checking for objdump
configure:6395: found /mingw64/bin/objdump
configure:6406: result: objdump
configure:6438: checking how to recognize dependent libraries
configure:6639: result: file_magic ^x86 archive import|^x86 DLL
configure:6729: checking for dlltool
configure:6750: found /mingw64/bin/dlltool
configure:6761: result: dlltool
configure:6794: checking how to associate runtime and link libraries
configure:6822: result: func_cygming_dll_for_implib
configure:6888: checking for ar
configure:6909: found /mingw64/bin/ar
configure:6920: result: ar
configure:6957: checking for archiver @FILE support
configure:6975: gcc -c -g -O2  conftest.c >&5
configure:6975: $? = 0
configure:6979: ar cru libconftest.a @conftest.lst >&5
C:\msys64\mingw64\bin\ar.exe: `u' modifier ignored since `D' is the default (see `U')
configure:6982: $? = 0
configure:6987: ar cru libconftest.a @conftest.lst >&5
C:\msys64\mingw64\bin\ar.exe: `u' modifier ignored since `D' is the default (see `U')
C:\msys64\mingw64\bin\ar.exe: conftest.o: No such file or directory
configure:6990: $? = 1
configure:7002: result: @
configure:7065: checking for strip
configure:7086: found /mingw64/bin/strip
configure:7097: result: strip
configure:7174: checking for ranlib
configure:7206: result: ranlib
configure:7308: checking command to parse /mingw64/bin/nm -B output from gcc object
configure:7462: gcc -c -g -O2  conftest.c >&5
configure:7465: $? = 0
configure:7469: /mingw64/bin/nm -B conftest.o \| sed -n -e 's/^.*[ ]\([ABCDGIRSTW][ABCDGIRSTW]*\)[ ][ ]*\([_A-Za-z][_A-Za-z0-9]*\)\{0,1\}$/\1 \2 \2/p' | sed '/ __gnu_lto/d' \> conftest.nm
configure:7472: $? = 0
configure:7538: gcc -o conftest.exe -g -O2   conftest.c conftstm.o >&5
configure:7541: $? = 0
configure:7579: result: ok
configure:7626: checking for sysroot
configure:7657: result: no
configure:7664: checking for a working dd
configure:7708: result: /usr/bin/dd
configure:7712: checking how to truncate binary pipes
configure:7728: result: /usr/bin/dd bs=4096 count=1
configure:8065: checking for mt
configure:8100: result: no
configure:8120: checking if : is a manifest tool
configure:8127: : '-?'
configure:8135: result: no
configure:8865: checking for stdio.h
configure:8865: gcc -c -g -O2  conftest.c >&5
configure:8865: $? = 0
configure:8865: result: yes
configure:8865: checking for stdlib.h
configure:8865: gcc -c -g -O2  conftest.c >&5
configure:8865: $? = 0
configure:8865: result: yes
configure:8865: checking for string.h
configure:8865: gcc -c -g -O2  conftest.c >&5
configure:8865: $? = 0
configure:8865: result: yes
configure:8865: checking for inttypes.h
configure:8865: gcc -c -g -O2  conftest.c >&5
configure:8865: $? = 0
configure:8865: result: yes
configure:8865: checking for stdint.h
configure:8865: gcc -c -g -O2  conftest.c >&5
configure:8865: $? = 0
configure:8865: result: yes
configure:8865: checking for strings.h
configure:8865: gcc -c -g -O2  conftest.c >&5
configure:8865: $? = 0
configure:8865: result: yes
configure:8865: checking for sys/stat.h
configure:8865: gcc -c -g -O2  conftest.c >&5
configure:8865: $? = 0
configure:8865: result: yes
configure:8865: checking for sys/types.h
configure:8865: gcc -c -g -O2  conftest.c >&5
configure:8865: $? = 0
configure:8865: result: yes
configure:8865: checking for unistd.h
configure:8865: gcc -c -g -O2  conftest.c >&5
configure:8865: $? = 0
configure:8865: result: yes
configure:8890: checking for dlfcn.h
configure:8890: gcc -c -g -O2  conftest.c >&5
conftest.c:50:10: fatal error: dlfcn.h: No such file or directory
   50 | #include <dlfcn.h>
      |          ^~~~~~~~~
compilation terminated.
configure:8890: $? = 1
configure: failed program was:
| /* confdefs.h */
| #define PACKAGE_NAME "openocd"
| #define PACKAGE_TARNAME "openocd"
| #define PACKAGE_VERSION "0.12.0-rc1"
| #define PACKAGE_STRING "openocd 0.12.0-rc1"
| #define PACKAGE_BUGREPORT "OpenOCD Mailing List <openocd-devel@lists.sourceforge.net>"
| #define PACKAGE_URL ""
| #define PACKAGE "openocd"
| #define VERSION "0.12.0-rc1"
| #define HAVE_STDIO_H 1
| #define HAVE_STDLIB_H 1
| #define HAVE_STRING_H 1
| #define HAVE_INTTYPES_H 1
| #define HAVE_STDINT_H 1
| #define HAVE_STRINGS_H 1
| #define HAVE_SYS_STAT_H 1
| #define HAVE_SYS_TYPES_H 1
| #define HAVE_UNISTD_H 1
| #define STDC_HEADERS 1
| /* end confdefs.h.  */
| #include <stddef.h>
| #ifdef HAVE_STDIO_H
| # include <stdio.h>
| #endif
| #ifdef HAVE_STDLIB_H
| # include <stdlib.h>
| #endif
| #ifdef HAVE_STRING_H
| # include <string.h>
| #endif
| #ifdef HAVE_INTTYPES_H
| # include <inttypes.h>
| #endif
| #ifdef HAVE_STDINT_H
| # include <stdint.h>
| #endif
| #ifdef HAVE_STRINGS_H
| # include <strings.h>
| #endif
| #ifdef HAVE_SYS_TYPES_H
| # include <sys/types.h>
| #endif
| #ifdef HAVE_SYS_STAT_H
| # include <sys/stat.h>
| #endif
| #ifdef HAVE_UNISTD_H
| # include <unistd.h>
| #endif
| 
| #include <dlfcn.h>
configure:8890: result: no
configure:9118: checking for objdir
configure:9134: result: .libs
configure:9394: checking if gcc supports -fno-rtti -fno-exceptions
configure:9413: gcc -c -g -O2  -fno-rtti -fno-exceptions conftest.c >&5
cc1.exe: warning: command-line option '-fno-rtti' is valid for C++/D/ObjC++ but not for C
configure:9417: $? = 0
configure:9430: result: no
configure:9788: checking for gcc option to produce PIC
configure:9796: result: -DDLL_EXPORT -DPIC
configure:9804: checking if gcc PIC flag -DDLL_EXPORT -DPIC works
configure:9823: gcc -c -g -O2  -DDLL_EXPORT -DPIC -DPIC conftest.c >&5
configure:9827: $? = 0
configure:9840: result: yes
configure:9869: checking if gcc static flag -static works
configure:9898: result: yes
configure:9913: checking if gcc supports -c -o file.o
configure:9935: gcc -c -g -O2  -o out/conftest2.o conftest.c >&5
configure:9939: $? = 0
configure:9961: result: yes
configure:9969: checking if gcc supports -c -o file.o
configure:10017: result: yes
configure:10050: checking whether the gcc linker (C:/msys64/mingw64/x86_64-w64-mingw32/bin/ld.exe) supports shared libraries
configure:11317: result: yes
configure:11558: checking dynamic linker characteristics
configure:12379: result: Win32 ld.exe
configure:12501: checking how to hardcode library paths into programs
configure:12526: result: immediate
configure:13078: checking whether stripping libraries is possible
configure:13083: result: yes
configure:13118: checking if libtool supports shared libraries
configure:13120: result: yes
configure:13123: checking whether to build shared libraries
configure:13148: result: no
configure:13151: checking whether to build static libraries
configure:13155: result: yes
configure:13194: checking for an ANSI C-conforming const
configure:13261: gcc -c -g -O2  conftest.c >&5
configure:13261: $? = 0
configure:13269: result: yes
configure:13278: checking for unsigned long long int
configure:13320: gcc -o conftest.exe -g -O2   conftest.c  >&5
configure:13320: $? = 0
configure:13330: result: yes
configure:13340: checking for long long int
configure:13382: gcc -o conftest.exe -g -O2   conftest.c  >&5
configure:13382: $? = 0
configure:13382: ./conftest.exe
configure:13382: $? = 0
configure:13395: result: yes
configure:13404: checking for library containing ioperm
configure:13434: gcc -o conftest.exe -g -O2   conftest.c  >&5
C:/msys64/mingw64/bin/../lib/gcc/x86_64-w64-mingw32/12.2.0/../../../../x86_64-w64-mingw32/bin/ld.exe: C:\msys64\tmp\ccGnIyWi.o: in function `main':
C:\zedboard\openocd\openocd-0.12.0-rc1\openocd-0.12.0-rc1/conftest.c:32: undefined reference to `ioperm'
collect2.exe: error: ld returned 1 exit status
configure:13434: $? = 1
configure: failed program was:
| /* confdefs.h */
| #define PACKAGE_NAME "openocd"
| #define PACKAGE_TARNAME "openocd"
| #define PACKAGE_VERSION "0.12.0-rc1"
| #define PACKAGE_STRING "openocd 0.12.0-rc1"
| #define PACKAGE_BUGREPORT "OpenOCD Mailing List <openocd-devel@lists.sourceforge.net>"
| #define PACKAGE_URL ""
| #define PACKAGE "openocd"
| #define VERSION "0.12.0-rc1"
| #define HAVE_STDIO_H 1
| #define HAVE_STDLIB_H 1
| #define HAVE_STRING_H 1
| #define HAVE_INTTYPES_H 1
| #define HAVE_STDINT_H 1
| #define HAVE_STRINGS_H 1
| #define HAVE_SYS_STAT_H 1
| #define HAVE_SYS_TYPES_H 1
| #define HAVE_UNISTD_H 1
| #define STDC_HEADERS 1
| #define LT_OBJDIR ".libs/"
| #define HAVE_UNSIGNED_LONG_LONG_INT 1
| #define HAVE_LONG_LONG_INT 1
| /* end confdefs.h.  */
| 
| /* Override any GCC internal prototype to avoid an error.
|    Use char because int might match the return type of a GCC
|    builtin and then its argument prototype would still apply.  */
| char ioperm ();
| int
| main (void)
| {
| return ioperm ();
|   ;
|   return 0;
| }
configure:13434: gcc -o conftest.exe -g -O2   conftest.c -lioperm   >&5
C:/msys64/mingw64/bin/../lib/gcc/x86_64-w64-mingw32/12.2.0/../../../../x86_64-w64-mingw32/bin/ld.exe: cannot find -lioperm: No such file or directory
collect2.exe: error: ld returned 1 exit status
configure:13434: $? = 1
configure: failed program was:
| /* confdefs.h */
| #define PACKAGE_NAME "openocd"
| #define PACKAGE_TARNAME "openocd"
| #define PACKAGE_VERSION "0.12.0-rc1"
| #define PACKAGE_STRING "openocd 0.12.0-rc1"
| #define PACKAGE_BUGREPORT "OpenOCD Mailing List <openocd-devel@lists.sourceforge.net>"
| #define PACKAGE_URL ""
| #define PACKAGE "openocd"
| #define VERSION "0.12.0-rc1"
| #define HAVE_STDIO_H 1
| #define HAVE_STDLIB_H 1
| #define HAVE_STRING_H 1
| #define HAVE_INTTYPES_H 1
| #define HAVE_STDINT_H 1
| #define HAVE_STRINGS_H 1
| #define HAVE_SYS_STAT_H 1
| #define HAVE_SYS_TYPES_H 1
| #define HAVE_UNISTD_H 1
| #define STDC_HEADERS 1
| #define LT_OBJDIR ".libs/"
| #define HAVE_UNSIGNED_LONG_LONG_INT 1
| #define HAVE_LONG_LONG_INT 1
| /* end confdefs.h.  */
| 
| /* Override any GCC internal prototype to avoid an error.
|    Use char because int might match the return type of a GCC
|    builtin and then its argument prototype would still apply.  */
| char ioperm ();
| int
| main (void)
| {
| return ioperm ();
|   ;
|   return 0;
| }
configure:13454: result: no
configure:13463: checking for library containing dlopen
configure:13493: gcc -o conftest.exe -g -O2   conftest.c  >&5
C:/msys64/mingw64/bin/../lib/gcc/x86_64-w64-mingw32/12.2.0/../../../../x86_64-w64-mingw32/bin/ld.exe: C:\msys64\tmp\cc6Q511b.o: in function `main':
C:\zedboard\openocd\openocd-0.12.0-rc1\openocd-0.12.0-rc1/conftest.c:32: undefined reference to `dlopen'
collect2.exe: error: ld returned 1 exit status
configure:13493: $? = 1
configure: failed program was:
| /* confdefs.h */
| #define PACKAGE_NAME "openocd"
| #define PACKAGE_TARNAME "openocd"
| #define PACKAGE_VERSION "0.12.0-rc1"
| #define PACKAGE_STRING "openocd 0.12.0-rc1"
| #define PACKAGE_BUGREPORT "OpenOCD Mailing List <openocd-devel@lists.sourceforge.net>"
| #define PACKAGE_URL ""
| #define PACKAGE "openocd"
| #define VERSION "0.12.0-rc1"
| #define HAVE_STDIO_H 1
| #define HAVE_STDLIB_H 1
| #define HAVE_STRING_H 1
| #define HAVE_INTTYPES_H 1
| #define HAVE_STDINT_H 1
| #define HAVE_STRINGS_H 1
| #define HAVE_SYS_STAT_H 1
| #define HAVE_SYS_TYPES_H 1
| #define HAVE_UNISTD_H 1
| #define STDC_HEADERS 1
| #define LT_OBJDIR ".libs/"
| #define HAVE_UNSIGNED_LONG_LONG_INT 1
| #define HAVE_LONG_LONG_INT 1
| /* end confdefs.h.  */
| 
| /* Override any GCC internal prototype to avoid an error.
|    Use char because int might match the return type of a GCC
|    builtin and then its argument prototype would still apply.  */
| char dlopen ();
| int
| main (void)
| {
| return dlopen ();
|   ;
|   return 0;
| }
configure:13493: gcc -o conftest.exe -g -O2   conftest.c -ldl   >&5
C:/msys64/mingw64/bin/../lib/gcc/x86_64-w64-mingw32/12.2.0/../../../../x86_64-w64-mingw32/bin/ld.exe: cannot find -ldl: No such file or directory
collect2.exe: error: ld returned 1 exit status
configure:13493: $? = 1
configure: failed program was:
| /* confdefs.h */
| #define PACKAGE_NAME "openocd"
| #define PACKAGE_TARNAME "openocd"
| #define PACKAGE_VERSION "0.12.0-rc1"
| #define PACKAGE_STRING "openocd 0.12.0-rc1"
| #define PACKAGE_BUGREPORT "OpenOCD Mailing List <openocd-devel@lists.sourceforge.net>"
| #define PACKAGE_URL ""
| #define PACKAGE "openocd"
| #define VERSION "0.12.0-rc1"
| #define HAVE_STDIO_H 1
| #define HAVE_STDLIB_H 1
| #define HAVE_STRING_H 1
| #define HAVE_INTTYPES_H 1
| #define HAVE_STDINT_H 1
| #define HAVE_STRINGS_H 1
| #define HAVE_SYS_STAT_H 1
| #define HAVE_SYS_TYPES_H 1
| #define HAVE_UNISTD_H 1
| #define STDC_HEADERS 1
| #define LT_OBJDIR ".libs/"
| #define HAVE_UNSIGNED_LONG_LONG_INT 1
| #define HAVE_LONG_LONG_INT 1
| /* end confdefs.h.  */
| 
| /* Override any GCC internal prototype to avoid an error.
|    Use char because int might match the return type of a GCC
|    builtin and then its argument prototype would still apply.  */
| char dlopen ();
| int
| main (void)
| {
| return dlopen ();
|   ;
|   return 0;
| }
configure:13513: result: no
configure:13522: checking for library containing openpty
configure:13552: gcc -o conftest.exe -g -O2   conftest.c  >&5
C:/msys64/mingw64/bin/../lib/gcc/x86_64-w64-mingw32/12.2.0/../../../../x86_64-w64-mingw32/bin/ld.exe: C:\msys64\tmp\ccRP5oEg.o: in function `main':
C:\zedboard\openocd\openocd-0.12.0-rc1\openocd-0.12.0-rc1/conftest.c:32: undefined reference to `openpty'
collect2.exe: error: ld returned 1 exit status
configure:13552: $? = 1
configure: failed program was:
| /* confdefs.h */
| #define PACKAGE_NAME "openocd"
| #define PACKAGE_TARNAME "openocd"
| #define PACKAGE_VERSION "0.12.0-rc1"
| #define PACKAGE_STRING "openocd 0.12.0-rc1"
| #define PACKAGE_BUGREPORT "OpenOCD Mailing List <openocd-devel@lists.sourceforge.net>"
| #define PACKAGE_URL ""
| #define PACKAGE "openocd"
| #define VERSION "0.12.0-rc1"
| #define HAVE_STDIO_H 1
| #define HAVE_STDLIB_H 1
| #define HAVE_STRING_H 1
| #define HAVE_INTTYPES_H 1
| #define HAVE_STDINT_H 1
| #define HAVE_STRINGS_H 1
| #define HAVE_SYS_STAT_H 1
| #define HAVE_SYS_TYPES_H 1
| #define HAVE_UNISTD_H 1
| #define STDC_HEADERS 1
| #define LT_OBJDIR ".libs/"
| #define HAVE_UNSIGNED_LONG_LONG_INT 1
| #define HAVE_LONG_LONG_INT 1
| /* end confdefs.h.  */
| 
| /* Override any GCC internal prototype to avoid an error.
|    Use char because int might match the return type of a GCC
|    builtin and then its argument prototype would still apply.  */
| char openpty ();
| int
| main (void)
| {
| return openpty ();
|   ;
|   return 0;
| }
configure:13552: gcc -o conftest.exe -g -O2   conftest.c -lutil   >&5
C:/msys64/mingw64/bin/../lib/gcc/x86_64-w64-mingw32/12.2.0/../../../../x86_64-w64-mingw32/bin/ld.exe: cannot find -lutil: No such file or directory
collect2.exe: error: ld returned 1 exit status
configure:13552: $? = 1
configure: failed program was:
| /* confdefs.h */
| #define PACKAGE_NAME "openocd"
| #define PACKAGE_TARNAME "openocd"
| #define PACKAGE_VERSION "0.12.0-rc1"
| #define PACKAGE_STRING "openocd 0.12.0-rc1"
| #define PACKAGE_BUGREPORT "OpenOCD Mailing List <openocd-devel@lists.sourceforge.net>"
| #define PACKAGE_URL ""
| #define PACKAGE "openocd"
| #define VERSION "0.12.0-rc1"
| #define HAVE_STDIO_H 1
| #define HAVE_STDLIB_H 1
| #define HAVE_STRING_H 1
| #define HAVE_INTTYPES_H 1
| #define HAVE_STDINT_H 1
| #define HAVE_STRINGS_H 1
| #define HAVE_SYS_STAT_H 1
| #define HAVE_SYS_TYPES_H 1
| #define HAVE_UNISTD_H 1
| #define STDC_HEADERS 1
| #define LT_OBJDIR ".libs/"
| #define HAVE_UNSIGNED_LONG_LONG_INT 1
| #define HAVE_LONG_LONG_INT 1
| /* end confdefs.h.  */
| 
| /* Override any GCC internal prototype to avoid an error.
|    Use char because int might match the return type of a GCC
|    builtin and then its argument prototype would still apply.  */
| char openpty ();
| int
| main (void)
| {
| return openpty ();
|   ;
|   return 0;
| }
configure:13572: result: no
configure:13582: checking for sys/socket.h
configure:13582: gcc -c -g -O2  conftest.c >&5
conftest.c:52:10: fatal error: sys/socket.h: No such file or directory
   52 | #include <sys/socket.h>
      |          ^~~~~~~~~~~~~~
compilation terminated.
configure:13582: $? = 1
configure: failed program was:
| /* confdefs.h */
| #define PACKAGE_NAME "openocd"
| #define PACKAGE_TARNAME "openocd"
| #define PACKAGE_VERSION "0.12.0-rc1"
| #define PACKAGE_STRING "openocd 0.12.0-rc1"
| #define PACKAGE_BUGREPORT "OpenOCD Mailing List <openocd-devel@lists.sourceforge.net>"
| #define PACKAGE_URL ""
| #define PACKAGE "openocd"
| #define VERSION "0.12.0-rc1"
| #define HAVE_STDIO_H 1
| #define HAVE_STDLIB_H 1
| #define HAVE_STRING_H 1
| #define HAVE_INTTYPES_H 1
| #define HAVE_STDINT_H 1
| #define HAVE_STRINGS_H 1
| #define HAVE_SYS_STAT_H 1
| #define HAVE_SYS_TYPES_H 1
| #define HAVE_UNISTD_H 1
| #define STDC_HEADERS 1
| #define LT_OBJDIR ".libs/"
| #define HAVE_UNSIGNED_LONG_LONG_INT 1
| #define HAVE_LONG_LONG_INT 1
| /* end confdefs.h.  */
| #include <stddef.h>
| #ifdef HAVE_STDIO_H
| # include <stdio.h>
| #endif
| #ifdef HAVE_STDLIB_H
| # include <stdlib.h>
| #endif
| #ifdef HAVE_STRING_H
| # include <string.h>
| #endif
| #ifdef HAVE_INTTYPES_H
| # include <inttypes.h>
| #endif
| #ifdef HAVE_STDINT_H
| # include <stdint.h>
| #endif
| #ifdef HAVE_STRINGS_H
| # include <strings.h>
| #endif
| #ifdef HAVE_SYS_TYPES_H
| # include <sys/types.h>
| #endif
| #ifdef HAVE_SYS_STAT_H
| # include <sys/stat.h>
| #endif
| #ifdef HAVE_UNISTD_H
| # include <unistd.h>
| #endif
| #include <sys/socket.h>
configure:13582: result: no
configure:13589: checking for elf.h
configure:13589: gcc -c -g -O2  conftest.c >&5
conftest.c:52:10: fatal error: elf.h: No such file or directory
   52 | #include <elf.h>
      |          ^~~~~~~
compilation terminated.
configure:13589: $? = 1
configure: failed program was:
| /* confdefs.h */
| #define PACKAGE_NAME "openocd"
| #define PACKAGE_TARNAME "openocd"
| #define PACKAGE_VERSION "0.12.0-rc1"
| #define PACKAGE_STRING "openocd 0.12.0-rc1"
| #define PACKAGE_BUGREPORT "OpenOCD Mailing List <openocd-devel@lists.sourceforge.net>"
| #define PACKAGE_URL ""
| #define PACKAGE "openocd"
| #define VERSION "0.12.0-rc1"
| #define HAVE_STDIO_H 1
| #define HAVE_STDLIB_H 1
| #define HAVE_STRING_H 1
| #define HAVE_INTTYPES_H 1
| #define HAVE_STDINT_H 1
| #define HAVE_STRINGS_H 1
| #define HAVE_SYS_STAT_H 1
| #define HAVE_SYS_TYPES_H 1
| #define HAVE_UNISTD_H 1
| #define STDC_HEADERS 1
| #define LT_OBJDIR ".libs/"
| #define HAVE_UNSIGNED_LONG_LONG_INT 1
| #define HAVE_LONG_LONG_INT 1
| /* end confdefs.h.  */
| #include <stddef.h>
| #ifdef HAVE_STDIO_H
| # include <stdio.h>
| #endif
| #ifdef HAVE_STDLIB_H
| # include <stdlib.h>
| #endif
| #ifdef HAVE_STRING_H
| # include <string.h>
| #endif
| #ifdef HAVE_INTTYPES_H
| # include <inttypes.h>
| #endif
| #ifdef HAVE_STDINT_H
| # include <stdint.h>
| #endif
| #ifdef HAVE_STRINGS_H
| # include <strings.h>
| #endif
| #ifdef HAVE_SYS_TYPES_H
| # include <sys/types.h>
| #endif
| #ifdef HAVE_SYS_STAT_H
| # include <sys/stat.h>
| #endif
| #ifdef HAVE_UNISTD_H
| # include <unistd.h>
| #endif
| #include <elf.h>
configure:13589: result: no
configure:13601: checking how to run the C preprocessor
configure:13627: gcc -E  conftest.c
configure:13627: $? = 0
configure:13642: gcc -E  conftest.c
conftest.c:24:10: fatal error: ac_nonexistent.h: No such file or directory
   24 | #include <ac_nonexistent.h>
      |          ^~~~~~~~~~~~~~~~~~
compilation terminated.
configure:13642: $? = 1
configure: failed program was:
| /* confdefs.h */
| #define PACKAGE_NAME "openocd"
| #define PACKAGE_TARNAME "openocd"
| #define PACKAGE_VERSION "0.12.0-rc1"
| #define PACKAGE_STRING "openocd 0.12.0-rc1"
| #define PACKAGE_BUGREPORT "OpenOCD Mailing List <openocd-devel@lists.sourceforge.net>"
| #define PACKAGE_URL ""
| #define PACKAGE "openocd"
| #define VERSION "0.12.0-rc1"
| #define HAVE_STDIO_H 1
| #define HAVE_STDLIB_H 1
| #define HAVE_STRING_H 1
| #define HAVE_INTTYPES_H 1
| #define HAVE_STDINT_H 1
| #define HAVE_STRINGS_H 1
| #define HAVE_SYS_STAT_H 1
| #define HAVE_SYS_TYPES_H 1
| #define HAVE_UNISTD_H 1
| #define STDC_HEADERS 1
| #define LT_OBJDIR ".libs/"
| #define HAVE_UNSIGNED_LONG_LONG_INT 1
| #define HAVE_LONG_LONG_INT 1
| /* end confdefs.h.  */
| #include <ac_nonexistent.h>
configure:13669: result: gcc -E
configure:13683: gcc -E  conftest.c
configure:13683: $? = 0
configure:13698: gcc -E  conftest.c
conftest.c:24:10: fatal error: ac_nonexistent.h: No such file or directory
   24 | #include <ac_nonexistent.h>
      |          ^~~~~~~~~~~~~~~~~~
compilation terminated.
configure:13698: $? = 1
configure: failed program was:
| /* confdefs.h */
| #define PACKAGE_NAME "openocd"
| #define PACKAGE_TARNAME "openocd"
| #define PACKAGE_VERSION "0.12.0-rc1"
| #define PACKAGE_STRING "openocd 0.12.0-rc1"
| #define PACKAGE_BUGREPORT "OpenOCD Mailing List <openocd-devel@lists.sourceforge.net>"
| #define PACKAGE_URL ""
| #define PACKAGE "openocd"
| #define VERSION "0.12.0-rc1"
| #define HAVE_STDIO_H 1
| #define HAVE_STDLIB_H 1
| #define HAVE_STRING_H 1
| #define HAVE_INTTYPES_H 1
| #define HAVE_STDINT_H 1
| #define HAVE_STRINGS_H 1
| #define HAVE_SYS_STAT_H 1
| #define HAVE_SYS_TYPES_H 1
| #define HAVE_UNISTD_H 1
| #define STDC_HEADERS 1
| #define LT_OBJDIR ".libs/"
| #define HAVE_UNSIGNED_LONG_LONG_INT 1
| #define HAVE_LONG_LONG_INT 1
| /* end confdefs.h.  */
| #include <ac_nonexistent.h>
conftest.c:24:10: fatal error: elf.h: No such file or directory
   24 | #include <elf.h>
      |          ^~~~~~~
compilation terminated.
configure:13745: checking for fcntl.h
configure:13745: gcc -c -g -O2  conftest.c >&5
configure:13745: $? = 0
configure:13745: result: yes
configure:13752: checking for malloc.h
configure:13752: gcc -c -g -O2  conftest.c >&5
configure:13752: $? = 0
configure:13752: result: yes
configure:13759: checking for netdb.h
configure:13759: gcc -c -g -O2  conftest.c >&5
conftest.c:54:10: fatal error: netdb.h: No such file or directory
   54 | #include <netdb.h>
      |          ^~~~~~~~~
compilation terminated.
configure:13759: $? = 1
configure: failed program was:
| /* confdefs.h */
| #define PACKAGE_NAME "openocd"
| #define PACKAGE_TARNAME "openocd"
| #define PACKAGE_VERSION "0.12.0-rc1"
| #define PACKAGE_STRING "openocd 0.12.0-rc1"
| #define PACKAGE_BUGREPORT "OpenOCD Mailing List <openocd-devel@lists.sourceforge.net>"
| #define PACKAGE_URL ""
| #define PACKAGE "openocd"
| #define VERSION "0.12.0-rc1"
| #define HAVE_STDIO_H 1
| #define HAVE_STDLIB_H 1
| #define HAVE_STRING_H 1
| #define HAVE_INTTYPES_H 1
| #define HAVE_STDINT_H 1
| #define HAVE_STRINGS_H 1
| #define HAVE_SYS_STAT_H 1
| #define HAVE_SYS_TYPES_H 1
| #define HAVE_UNISTD_H 1
| #define STDC_HEADERS 1
| #define LT_OBJDIR ".libs/"
| #define HAVE_UNSIGNED_LONG_LONG_INT 1
| #define HAVE_LONG_LONG_INT 1
| #define HAVE_FCNTL_H 1
| #define HAVE_MALLOC_H 1
| /* end confdefs.h.  */
| #include <stddef.h>
| #ifdef HAVE_STDIO_H
| # include <stdio.h>
| #endif
| #ifdef HAVE_STDLIB_H
| # include <stdlib.h>
| #endif
| #ifdef HAVE_STRING_H
| # include <string.h>
| #endif
| #ifdef HAVE_INTTYPES_H
| # include <inttypes.h>
| #endif
| #ifdef HAVE_STDINT_H
| # include <stdint.h>
| #endif
| #ifdef HAVE_STRINGS_H
| # include <strings.h>
| #endif
| #ifdef HAVE_SYS_TYPES_H
| # include <sys/types.h>
| #endif
| #ifdef HAVE_SYS_STAT_H
| # include <sys/stat.h>
| #endif
| #ifdef HAVE_UNISTD_H
| # include <unistd.h>
| #endif
| #include <netdb.h>
configure:13759: result: no
configure:13766: checking for poll.h
configure:13766: gcc -c -g -O2  conftest.c >&5
conftest.c:54:10: fatal error: poll.h: No such file or directory
   54 | #include <poll.h>
      |          ^~~~~~~~
compilation terminated.
configure:13766: $? = 1
configure: failed program was:
| /* confdefs.h */
| #define PACKAGE_NAME "openocd"
| #define PACKAGE_TARNAME "openocd"
| #define PACKAGE_VERSION "0.12.0-rc1"
| #define PACKAGE_STRING "openocd 0.12.0-rc1"
| #define PACKAGE_BUGREPORT "OpenOCD Mailing List <openocd-devel@lists.sourceforge.net>"
| #define PACKAGE_URL ""
| #define PACKAGE "openocd"
| #define VERSION "0.12.0-rc1"
| #define HAVE_STDIO_H 1
| #define HAVE_STDLIB_H 1
| #define HAVE_STRING_H 1
| #define HAVE_INTTYPES_H 1
| #define HAVE_STDINT_H 1
| #define HAVE_STRINGS_H 1
| #define HAVE_SYS_STAT_H 1
| #define HAVE_SYS_TYPES_H 1
| #define HAVE_UNISTD_H 1
| #define STDC_HEADERS 1
| #define LT_OBJDIR ".libs/"
| #define HAVE_UNSIGNED_LONG_LONG_INT 1
| #define HAVE_LONG_LONG_INT 1
| #define HAVE_FCNTL_H 1
| #define HAVE_MALLOC_H 1
| /* end confdefs.h.  */
| #include <stddef.h>
| #ifdef HAVE_STDIO_H
| # include <stdio.h>
| #endif
| #ifdef HAVE_STDLIB_H
| # include <stdlib.h>
| #endif
| #ifdef HAVE_STRING_H
| # include <string.h>
| #endif
| #ifdef HAVE_INTTYPES_H
| # include <inttypes.h>
| #endif
| #ifdef HAVE_STDINT_H
| # include <stdint.h>
| #endif
| #ifdef HAVE_STRINGS_H
| # include <strings.h>
| #endif
| #ifdef HAVE_SYS_TYPES_H
| # include <sys/types.h>
| #endif
| #ifdef HAVE_SYS_STAT_H
| # include <sys/stat.h>
| #endif
| #ifdef HAVE_UNISTD_H
| # include <unistd.h>
| #endif
| #include <poll.h>
configure:13766: result: no
configure:13773: checking for strings.h
configure:13773: result: yes
configure:13780: checking for sys/ioctl.h
configure:13780: gcc -c -g -O2  conftest.c >&5
conftest.c:55:10: fatal error: sys/ioctl.h: No such file or directory
   55 | #include <sys/ioctl.h>
      |          ^~~~~~~~~~~~~
compilation terminated.
configure:13780: $? = 1
configure: failed program was:
| /* confdefs.h */
| #define PACKAGE_NAME "openocd"
| #define PACKAGE_TARNAME "openocd"
| #define PACKAGE_VERSION "0.12.0-rc1"
| #define PACKAGE_STRING "openocd 0.12.0-rc1"
| #define PACKAGE_BUGREPORT "OpenOCD Mailing List <openocd-devel@lists.sourceforge.net>"
| #define PACKAGE_URL ""
| #define PACKAGE "openocd"
| #define VERSION "0.12.0-rc1"
| #define HAVE_STDIO_H 1
| #define HAVE_STDLIB_H 1
| #define HAVE_STRING_H 1
| #define HAVE_INTTYPES_H 1
| #define HAVE_STDINT_H 1
| #define HAVE_STRINGS_H 1
| #define HAVE_SYS_STAT_H 1
| #define HAVE_SYS_TYPES_H 1
| #define HAVE_UNISTD_H 1
| #define STDC_HEADERS 1
| #define LT_OBJDIR ".libs/"
| #define HAVE_UNSIGNED_LONG_LONG_INT 1
| #define HAVE_LONG_LONG_INT 1
| #define HAVE_FCNTL_H 1
| #define HAVE_MALLOC_H 1
| #define HAVE_STRINGS_H 1
| /* end confdefs.h.  */
| #include <stddef.h>
| #ifdef HAVE_STDIO_H
| # include <stdio.h>
| #endif
| #ifdef HAVE_STDLIB_H
| # include <stdlib.h>
| #endif
| #ifdef HAVE_STRING_H
| # include <string.h>
| #endif
| #ifdef HAVE_INTTYPES_H
| # include <inttypes.h>
| #endif
| #ifdef HAVE_STDINT_H
| # include <stdint.h>
| #endif
| #ifdef HAVE_STRINGS_H
| # include <strings.h>
| #endif
| #ifdef HAVE_SYS_TYPES_H
| # include <sys/types.h>
| #endif
| #ifdef HAVE_SYS_STAT_H
| # include <sys/stat.h>
| #endif
| #ifdef HAVE_UNISTD_H
| # include <unistd.h>
| #endif
| #include <sys/ioctl.h>
configure:13780: result: no
configure:13787: checking for sys/param.h
configure:13787: gcc -c -g -O2  conftest.c >&5
configure:13787: $? = 0
configure:13787: result: yes
configure:13794: checking for sys/select.h
configure:13794: gcc -c -g -O2  conftest.c >&5
conftest.c:56:10: fatal error: sys/select.h: No such file or directory
   56 | #include <sys/select.h>
      |          ^~~~~~~~~~~~~~
compilation terminated.
configure:13794: $? = 1
configure: failed program was:
| /* confdefs.h */
| #define PACKAGE_NAME "openocd"
| #define PACKAGE_TARNAME "openocd"
| #define PACKAGE_VERSION "0.12.0-rc1"
| #define PACKAGE_STRING "openocd 0.12.0-rc1"
| #define PACKAGE_BUGREPORT "OpenOCD Mailing List <openocd-devel@lists.sourceforge.net>"
| #define PACKAGE_URL ""
| #define PACKAGE "openocd"
| #define VERSION "0.12.0-rc1"
| #define HAVE_STDIO_H 1
| #define HAVE_STDLIB_H 1
| #define HAVE_STRING_H 1
| #define HAVE_INTTYPES_H 1
| #define HAVE_STDINT_H 1
| #define HAVE_STRINGS_H 1
| #define HAVE_SYS_STAT_H 1
| #define HAVE_SYS_TYPES_H 1
| #define HAVE_UNISTD_H 1
| #define STDC_HEADERS 1
| #define LT_OBJDIR ".libs/"
| #define HAVE_UNSIGNED_LONG_LONG_INT 1
| #define HAVE_LONG_LONG_INT 1
| #define HAVE_FCNTL_H 1
| #define HAVE_MALLOC_H 1
| #define HAVE_STRINGS_H 1
| #define HAVE_SYS_PARAM_H 1
| /* end confdefs.h.  */
| #include <stddef.h>
| #ifdef HAVE_STDIO_H
| # include <stdio.h>
| #endif
| #ifdef HAVE_STDLIB_H
| # include <stdlib.h>
| #endif
| #ifdef HAVE_STRING_H
| # include <string.h>
| #endif
| #ifdef HAVE_INTTYPES_H
| # include <inttypes.h>
| #endif
| #ifdef HAVE_STDINT_H
| # include <stdint.h>
| #endif
| #ifdef HAVE_STRINGS_H
| # include <strings.h>
| #endif
| #ifdef HAVE_SYS_TYPES_H
| # include <sys/types.h>
| #endif
| #ifdef HAVE_SYS_STAT_H
| # include <sys/stat.h>
| #endif
| #ifdef HAVE_UNISTD_H
| # include <unistd.h>
| #endif
| #include <sys/select.h>
configure:13794: result: no
configure:13801: checking for sys/stat.h
configure:13801: result: yes
configure:13808: checking for sys/sysctl.h
configure:13808: gcc -c -g -O2  conftest.c >&5
conftest.c:57:10: fatal error: sys/sysctl.h: No such file or directory
   57 | #include <sys/sysctl.h>
      |          ^~~~~~~~~~~~~~
compilation terminated.
configure:13808: $? = 1
configure: failed program was:
| /* confdefs.h */
| #define PACKAGE_NAME "openocd"
| #define PACKAGE_TARNAME "openocd"
| #define PACKAGE_VERSION "0.12.0-rc1"
| #define PACKAGE_STRING "openocd 0.12.0-rc1"
| #define PACKAGE_BUGREPORT "OpenOCD Mailing List <openocd-devel@lists.sourceforge.net>"
| #define PACKAGE_URL ""
| #define PACKAGE "openocd"
| #define VERSION "0.12.0-rc1"
| #define HAVE_STDIO_H 1
| #define HAVE_STDLIB_H 1
| #define HAVE_STRING_H 1
| #define HAVE_INTTYPES_H 1
| #define HAVE_STDINT_H 1
| #define HAVE_STRINGS_H 1
| #define HAVE_SYS_STAT_H 1
| #define HAVE_SYS_TYPES_H 1
| #define HAVE_UNISTD_H 1
| #define STDC_HEADERS 1
| #define LT_OBJDIR ".libs/"
| #define HAVE_UNSIGNED_LONG_LONG_INT 1
| #define HAVE_LONG_LONG_INT 1
| #define HAVE_FCNTL_H 1
| #define HAVE_MALLOC_H 1
| #define HAVE_STRINGS_H 1
| #define HAVE_SYS_PARAM_H 1
| #define HAVE_SYS_STAT_H 1
| /* end confdefs.h.  */
| #include <stddef.h>
| #ifdef HAVE_STDIO_H
| # include <stdio.h>
| #endif
| #ifdef HAVE_STDLIB_H
| # include <stdlib.h>
| #endif
| #ifdef HAVE_STRING_H
| # include <string.h>
| #endif
| #ifdef HAVE_INTTYPES_H
| # include <inttypes.h>
| #endif
| #ifdef HAVE_STDINT_H
| # include <stdint.h>
| #endif
| #ifdef HAVE_STRINGS_H
| # include <strings.h>
| #endif
| #ifdef HAVE_SYS_TYPES_H
| # include <sys/types.h>
| #endif
| #ifdef HAVE_SYS_STAT_H
| # include <sys/stat.h>
| #endif
| #ifdef HAVE_UNISTD_H
| # include <unistd.h>
| #endif
| #include <sys/sysctl.h>
configure:13808: result: no
configure:13815: checking for sys/time.h
configure:13815: gcc -c -g -O2  conftest.c >&5
configure:13815: $? = 0
configure:13815: result: yes
configure:13822: checking for sys/types.h
configure:13822: result: yes
configure:13829: checking for unistd.h
configure:13829: result: yes
configure:13836: checking for arpa/inet.h
configure:13836: gcc -c -g -O2  conftest.c >&5
conftest.c:46:10: fatal error: arpa/inet.h: No such file or directory
   46 | #include <arpa/inet.h>
      |          ^~~~~~~~~~~~~
compilation terminated.
configure:13836: $? = 1
configure: failed program was:
| /* confdefs.h */
| #define PACKAGE_NAME "openocd"
| #define PACKAGE_TARNAME "openocd"
| #define PACKAGE_VERSION "0.12.0-rc1"
| #define PACKAGE_STRING "openocd 0.12.0-rc1"
| #define PACKAGE_BUGREPORT "OpenOCD Mailing List <openocd-devel@lists.sourceforge.net>"
| #define PACKAGE_URL ""
| #define PACKAGE "openocd"
| #define VERSION "0.12.0-rc1"
| #define HAVE_STDIO_H 1
| #define HAVE_STDLIB_H 1
| #define HAVE_STRING_H 1
| #define HAVE_INTTYPES_H 1
| #define HAVE_STDINT_H 1
| #define HAVE_STRINGS_H 1
| #define HAVE_SYS_STAT_H 1
| #define HAVE_SYS_TYPES_H 1
| #define HAVE_UNISTD_H 1
| #define STDC_HEADERS 1
| #define LT_OBJDIR ".libs/"
| #define HAVE_UNSIGNED_LONG_LONG_INT 1
| #define HAVE_LONG_LONG_INT 1
| #define HAVE_FCNTL_H 1
| #define HAVE_MALLOC_H 1
| #define HAVE_STRINGS_H 1
| #define HAVE_SYS_PARAM_H 1
| #define HAVE_SYS_STAT_H 1
| #define HAVE_SYS_TIME_H 1
| #define HAVE_SYS_TYPES_H 1
| #define HAVE_UNISTD_H 1
| /* end confdefs.h.  */
| #include <stdio.h>
| #ifdef STDC_HEADERS
| # include <stdlib.h>
| # include <stddef.h>
| #else
| # ifdef HAVE_STDLIB_H
| #  include <stdlib.h>
| # endif
| #endif
| #ifdef HAVE_SYS_SOCKET_H
| # include <sys/socket.h>
| #endif
| 
| 
| #include <arpa/inet.h>
configure:13836: result: no
configure:13855: checking for netinet/in.h
configure:13855: gcc -c -g -O2  conftest.c >&5
conftest.c:46:10: fatal error: netinet/in.h: No such file or directory
   46 | #include <netinet/in.h>
      |          ^~~~~~~~~~~~~~
compilation terminated.
configure:13855: $? = 1
configure: failed program was:
| /* confdefs.h */
| #define PACKAGE_NAME "openocd"
| #define PACKAGE_TARNAME "openocd"
| #define PACKAGE_VERSION "0.12.0-rc1"
| #define PACKAGE_STRING "openocd 0.12.0-rc1"
| #define PACKAGE_BUGREPORT "OpenOCD Mailing List <openocd-devel@lists.sourceforge.net>"
| #define PACKAGE_URL ""
| #define PACKAGE "openocd"
| #define VERSION "0.12.0-rc1"
| #define HAVE_STDIO_H 1
| #define HAVE_STDLIB_H 1
| #define HAVE_STRING_H 1
| #define HAVE_INTTYPES_H 1
| #define HAVE_STDINT_H 1
| #define HAVE_STRINGS_H 1
| #define HAVE_SYS_STAT_H 1
| #define HAVE_SYS_TYPES_H 1
| #define HAVE_UNISTD_H 1
| #define STDC_HEADERS 1
| #define LT_OBJDIR ".libs/"
| #define HAVE_UNSIGNED_LONG_LONG_INT 1
| #define HAVE_LONG_LONG_INT 1
| #define HAVE_FCNTL_H 1
| #define HAVE_MALLOC_H 1
| #define HAVE_STRINGS_H 1
| #define HAVE_SYS_PARAM_H 1
| #define HAVE_SYS_STAT_H 1
| #define HAVE_SYS_TIME_H 1
| #define HAVE_SYS_TYPES_H 1
| #define HAVE_UNISTD_H 1
| /* end confdefs.h.  */
| #include <stdio.h>
| #ifdef STDC_HEADERS
| # include <stdlib.h>
| # include <stddef.h>
| #else
| # ifdef HAVE_STDLIB_H
| #  include <stdlib.h>
| # endif
| #endif
| #ifdef HAVE_SYS_SOCKET_H
| # include <sys/socket.h>
| #endif
| 
| 
| #include <netinet/in.h>
configure:13855: result: no
configure:13874: checking for netinet/tcp.h
configure:13874: gcc -c -g -O2  conftest.c >&5
conftest.c:46:10: fatal error: netinet/tcp.h: No such file or directory
   46 | #include <netinet/tcp.h>
      |          ^~~~~~~~~~~~~~~
compilation terminated.
configure:13874: $? = 1
configure: failed program was:
| /* confdefs.h */
| #define PACKAGE_NAME "openocd"
| #define PACKAGE_TARNAME "openocd"
| #define PACKAGE_VERSION "0.12.0-rc1"
| #define PACKAGE_STRING "openocd 0.12.0-rc1"
| #define PACKAGE_BUGREPORT "OpenOCD Mailing List <openocd-devel@lists.sourceforge.net>"
| #define PACKAGE_URL ""
| #define PACKAGE "openocd"
| #define VERSION "0.12.0-rc1"
| #define HAVE_STDIO_H 1
| #define HAVE_STDLIB_H 1
| #define HAVE_STRING_H 1
| #define HAVE_INTTYPES_H 1
| #define HAVE_STDINT_H 1
| #define HAVE_STRINGS_H 1
| #define HAVE_SYS_STAT_H 1
| #define HAVE_SYS_TYPES_H 1
| #define HAVE_UNISTD_H 1
| #define STDC_HEADERS 1
| #define LT_OBJDIR ".libs/"
| #define HAVE_UNSIGNED_LONG_LONG_INT 1
| #define HAVE_LONG_LONG_INT 1
| #define HAVE_FCNTL_H 1
| #define HAVE_MALLOC_H 1
| #define HAVE_STRINGS_H 1
| #define HAVE_SYS_PARAM_H 1
| #define HAVE_SYS_STAT_H 1
| #define HAVE_SYS_TIME_H 1
| #define HAVE_SYS_TYPES_H 1
| #define HAVE_UNISTD_H 1
| /* end confdefs.h.  */
| #include <stdio.h>
| #ifdef STDC_HEADERS
| # include <stdlib.h>
| # include <stddef.h>
| #else
| # ifdef HAVE_STDLIB_H
| #  include <stdlib.h>
| # endif
| #endif
| #ifdef HAVE_SYS_SOCKET_H
| # include <sys/socket.h>
| #endif
| 
| 
| #include <netinet/tcp.h>
configure:13874: result: no
configure:13896: checking whether to enable assertions
configure:13917: result: yes
configure:13920: checking for _Bool
configure:13920: gcc -c -g -O2  conftest.c >&5
configure:13920: $? = 0
configure:13920: gcc -c -g -O2  conftest.c >&5
conftest.c: In function 'main':
conftest.c:63:20: error: expected expression before ')' token
   63 | if (sizeof ((_Bool)))
      |                    ^
configure:13920: $? = 1
configure: failed program was:
| /* confdefs.h */
| #define PACKAGE_NAME "openocd"
| #define PACKAGE_TARNAME "openocd"
| #define PACKAGE_VERSION "0.12.0-rc1"
| #define PACKAGE_STRING "openocd 0.12.0-rc1"
| #define PACKAGE_BUGREPORT "OpenOCD Mailing List <openocd-devel@lists.sourceforge.net>"
| #define PACKAGE_URL ""
| #define PACKAGE "openocd"
| #define VERSION "0.12.0-rc1"
| #define HAVE_STDIO_H 1
| #define HAVE_STDLIB_H 1
| #define HAVE_STRING_H 1
| #define HAVE_INTTYPES_H 1
| #define HAVE_STDINT_H 1
| #define HAVE_STRINGS_H 1
| #define HAVE_SYS_STAT_H 1
| #define HAVE_SYS_TYPES_H 1
| #define HAVE_UNISTD_H 1
| #define STDC_HEADERS 1
| #define LT_OBJDIR ".libs/"
| #define HAVE_UNSIGNED_LONG_LONG_INT 1
| #define HAVE_LONG_LONG_INT 1
| #define HAVE_FCNTL_H 1
| #define HAVE_MALLOC_H 1
| #define HAVE_STRINGS_H 1
| #define HAVE_SYS_PARAM_H 1
| #define HAVE_SYS_STAT_H 1
| #define HAVE_SYS_TIME_H 1
| #define HAVE_SYS_TYPES_H 1
| #define HAVE_UNISTD_H 1
| /* end confdefs.h.  */
| #include <stddef.h>
| #ifdef HAVE_STDIO_H
| # include <stdio.h>
| #endif
| #ifdef HAVE_STDLIB_H
| # include <stdlib.h>
| #endif
| #ifdef HAVE_STRING_H
| # include <string.h>
| #endif
| #ifdef HAVE_INTTYPES_H
| # include <inttypes.h>
| #endif
| #ifdef HAVE_STDINT_H
| # include <stdint.h>
| #endif
| #ifdef HAVE_STRINGS_H
| # include <strings.h>
| #endif
| #ifdef HAVE_SYS_TYPES_H
| # include <sys/types.h>
| #endif
| #ifdef HAVE_SYS_STAT_H
| # include <sys/stat.h>
| #endif
| #ifdef HAVE_UNISTD_H
| # include <unistd.h>
| #endif
| int
| main (void)
| {
| if (sizeof ((_Bool)))
| 	    return 0;
|   ;
|   return 0;
| }
configure:13920: result: yes
configure:13929: checking for stdbool.h that conforms to C99
configure:14045: gcc -c -g -O2  conftest.c >&5
configure:14045: $? = 0
configure:14053: result: yes
configure:14063: checking whether byte ordering is bigendian
configure:14079: gcc -c -g -O2  conftest.c >&5
conftest.c:35:16: error: unknown type name 'not'
   35 |                not a universal capable compiler
      |                ^~~
conftest.c:35:22: error: expected '=', ',', ';', 'asm' or '__attribute__' before 'universal'
   35 |                not a universal capable compiler
      |                      ^~~~~~~~~
conftest.c:35:22: error: unknown type name 'universal'
configure:14079: $? = 1
configure: failed program was:
| /* confdefs.h */
| #define PACKAGE_NAME "openocd"
| #define PACKAGE_TARNAME "openocd"
| #define PACKAGE_VERSION "0.12.0-rc1"
| #define PACKAGE_STRING "openocd 0.12.0-rc1"
| #define PACKAGE_BUGREPORT "OpenOCD Mailing List <openocd-devel@lists.sourceforge.net>"
| #define PACKAGE_URL ""
| #define PACKAGE "openocd"
| #define VERSION "0.12.0-rc1"
| #define HAVE_STDIO_H 1
| #define HAVE_STDLIB_H 1
| #define HAVE_STRING_H 1
| #define HAVE_INTTYPES_H 1
| #define HAVE_STDINT_H 1
| #define HAVE_STRINGS_H 1
| #define HAVE_SYS_STAT_H 1
| #define HAVE_SYS_TYPES_H 1
| #define HAVE_UNISTD_H 1
| #define STDC_HEADERS 1
| #define LT_OBJDIR ".libs/"
| #define HAVE_UNSIGNED_LONG_LONG_INT 1
| #define HAVE_LONG_LONG_INT 1
| #define HAVE_FCNTL_H 1
| #define HAVE_MALLOC_H 1
| #define HAVE_STRINGS_H 1
| #define HAVE_SYS_PARAM_H 1
| #define HAVE_SYS_STAT_H 1
| #define HAVE_SYS_TIME_H 1
| #define HAVE_SYS_TYPES_H 1
| #define HAVE_UNISTD_H 1
| #define HAVE__BOOL 1
| #define HAVE_STDBOOL_H 1
| /* end confdefs.h.  */
| #ifndef __APPLE_CC__
| 	       not a universal capable compiler
| 	     #endif
| 	     typedef int dummy;
| 
configure:14125: gcc -c -g -O2  conftest.c >&5
configure:14125: $? = 0
configure:14144: gcc -c -g -O2  conftest.c >&5
conftest.c: In function 'main':
conftest.c:41:18: error: unknown type name 'not'; did you mean 'ino_t'?
   41 |                  not big endian
      |                  ^~~
      |                  ino_t
conftest.c:41:26: error: expected '=', ',', ';', 'asm' or '__attribute__' before 'endian'
   41 |                  not big endian
      |                          ^~~~~~
configure:14144: $? = 1
configure: failed program was:
| /* confdefs.h */
| #define PACKAGE_NAME "openocd"
| #define PACKAGE_TARNAME "openocd"
| #define PACKAGE_VERSION "0.12.0-rc1"
| #define PACKAGE_STRING "openocd 0.12.0-rc1"
| #define PACKAGE_BUGREPORT "OpenOCD Mailing List <openocd-devel@lists.sourceforge.net>"
| #define PACKAGE_URL ""
| #define PACKAGE "openocd"
| #define VERSION "0.12.0-rc1"
| #define HAVE_STDIO_H 1
| #define HAVE_STDLIB_H 1
| #define HAVE_STRING_H 1
| #define HAVE_INTTYPES_H 1
| #define HAVE_STDINT_H 1
| #define HAVE_STRINGS_H 1
| #define HAVE_SYS_STAT_H 1
| #define HAVE_SYS_TYPES_H 1
| #define HAVE_UNISTD_H 1
| #define STDC_HEADERS 1
| #define LT_OBJDIR ".libs/"
| #define HAVE_UNSIGNED_LONG_LONG_INT 1
| #define HAVE_LONG_LONG_INT 1
| #define HAVE_FCNTL_H 1
| #define HAVE_MALLOC_H 1
| #define HAVE_STRINGS_H 1
| #define HAVE_SYS_PARAM_H 1
| #define HAVE_SYS_STAT_H 1
| #define HAVE_SYS_TIME_H 1
| #define HAVE_SYS_TYPES_H 1
| #define HAVE_UNISTD_H 1
| #define HAVE__BOOL 1
| #define HAVE_STDBOOL_H 1
| /* end confdefs.h.  */
| #include <sys/types.h>
| 		#include <sys/param.h>
| 
| int
| main (void)
| {
| #if BYTE_ORDER != BIG_ENDIAN
| 		 not big endian
| 		#endif
| 
|   ;
|   return 0;
| }
configure:14278: result: no
configure:14297: checking for strndup
configure:14297: gcc -o conftest.exe -g -O2   conftest.c  >&5
conftest.c:50:6: warning: conflicting types for built-in function 'strndup'; expected 'char *(const char *, long long unsigned int)' [-Wbuiltin-declaration-mismatch]
   50 | char strndup ();
      |      ^~~~~~~
C:/msys64/mingw64/bin/../lib/gcc/x86_64-w64-mingw32/12.2.0/../../../../x86_64-w64-mingw32/bin/ld.exe: C:\msys64\tmp\cckUmqNB.o: in function `main':
C:\zedboard\openocd\openocd-0.12.0-rc1\openocd-0.12.0-rc1/conftest.c:61: undefined reference to `strndup'
collect2.exe: error: ld returned 1 exit status
configure:14297: $? = 1
configure: failed program was:
| /* confdefs.h */
| #define PACKAGE_NAME "openocd"
| #define PACKAGE_TARNAME "openocd"
| #define PACKAGE_VERSION "0.12.0-rc1"
| #define PACKAGE_STRING "openocd 0.12.0-rc1"
| #define PACKAGE_BUGREPORT "OpenOCD Mailing List <openocd-devel@lists.sourceforge.net>"
| #define PACKAGE_URL ""
| #define PACKAGE "openocd"
| #define VERSION "0.12.0-rc1"
| #define HAVE_STDIO_H 1
| #define HAVE_STDLIB_H 1
| #define HAVE_STRING_H 1
| #define HAVE_INTTYPES_H 1
| #define HAVE_STDINT_H 1
| #define HAVE_STRINGS_H 1
| #define HAVE_SYS_STAT_H 1
| #define HAVE_SYS_TYPES_H 1
| #define HAVE_UNISTD_H 1
| #define STDC_HEADERS 1
| #define LT_OBJDIR ".libs/"
| #define HAVE_UNSIGNED_LONG_LONG_INT 1
| #define HAVE_LONG_LONG_INT 1
| #define HAVE_FCNTL_H 1
| #define HAVE_MALLOC_H 1
| #define HAVE_STRINGS_H 1
| #define HAVE_SYS_PARAM_H 1
| #define HAVE_SYS_STAT_H 1
| #define HAVE_SYS_TIME_H 1
| #define HAVE_SYS_TYPES_H 1
| #define HAVE_UNISTD_H 1
| #define HAVE__BOOL 1
| #define HAVE_STDBOOL_H 1
| /* end confdefs.h.  */
| /* Define strndup to an innocuous variant, in case <limits.h> declares strndup.
|    For example, HP-UX 11i <limits.h> declares gettimeofday.  */
| #define strndup innocuous_strndup
| 
| /* System header to define __stub macros and hopefully few prototypes,
|    which can conflict with char strndup (); below.  */
| 
| #include <limits.h>
| #undef strndup
| 
| /* Override any GCC internal prototype to avoid an error.
|    Use char because int might match the return type of a GCC
|    builtin and then its argument prototype would still apply.  */
| #ifdef __cplusplus
| extern "C"
| #endif
| char strndup ();
| /* The GNU C library defines this for functions which it implements
|     to always fail with ENOSYS.  Some functions are actually named
|     something starting with __ and the normal name is an alias.  */
| #if defined __stub_strndup || defined __stub___strndup
| choke me
| #endif
| 
| int
| main (void)
| {
| return strndup ();
|   ;
|   return 0;
| }
configure:14297: result: no
configure:14304: checking for strnlen
configure:14304: gcc -o conftest.exe -g -O2   conftest.c  >&5
conftest.c:50:6: warning: conflicting types for built-in function 'strnlen'; expected 'long long unsigned int(const char *, long long unsigned int)' [-Wbuiltin-declaration-mismatch]
   50 | char strnlen ();
      |      ^~~~~~~
configure:14304: $? = 0
configure:14304: result: yes
configure:14311: checking for gettimeofday
configure:14311: gcc -o conftest.exe -g -O2   conftest.c  >&5
configure:14311: $? = 0
configure:14311: result: yes
configure:14318: checking for usleep
configure:14318: gcc -o conftest.exe -g -O2   conftest.c  >&5
configure:14318: $? = 0
configure:14318: result: yes
configure:14325: checking for realpath
configure:14325: gcc -o conftest.exe -g -O2   conftest.c  >&5
C:/msys64/mingw64/bin/../lib/gcc/x86_64-w64-mingw32/12.2.0/../../../../x86_64-w64-mingw32/bin/ld.exe: C:\msys64\tmp\ccmSm0GK.o: in function `main':
C:\zedboard\openocd\openocd-0.12.0-rc1\openocd-0.12.0-rc1/conftest.c:64: undefined reference to `realpath'
collect2.exe: error: ld returned 1 exit status
configure:14325: $? = 1
configure: failed program was:
| /* confdefs.h */
| #define PACKAGE_NAME "openocd"
| #define PACKAGE_TARNAME "openocd"
| #define PACKAGE_VERSION "0.12.0-rc1"
| #define PACKAGE_STRING "openocd 0.12.0-rc1"
| #define PACKAGE_BUGREPORT "OpenOCD Mailing List <openocd-devel@lists.sourceforge.net>"
| #define PACKAGE_URL ""
| #define PACKAGE "openocd"
| #define VERSION "0.12.0-rc1"
| #define HAVE_STDIO_H 1
| #define HAVE_STDLIB_H 1
| #define HAVE_STRING_H 1
| #define HAVE_INTTYPES_H 1
| #define HAVE_STDINT_H 1
| #define HAVE_STRINGS_H 1
| #define HAVE_SYS_STAT_H 1
| #define HAVE_SYS_TYPES_H 1
| #define HAVE_UNISTD_H 1
| #define STDC_HEADERS 1
| #define LT_OBJDIR ".libs/"
| #define HAVE_UNSIGNED_LONG_LONG_INT 1
| #define HAVE_LONG_LONG_INT 1
| #define HAVE_FCNTL_H 1
| #define HAVE_MALLOC_H 1
| #define HAVE_STRINGS_H 1
| #define HAVE_SYS_PARAM_H 1
| #define HAVE_SYS_STAT_H 1
| #define HAVE_SYS_TIME_H 1
| #define HAVE_SYS_TYPES_H 1
| #define HAVE_UNISTD_H 1
| #define HAVE__BOOL 1
| #define HAVE_STDBOOL_H 1
| #define HAVE_STRNLEN 1
| #define HAVE_GETTIMEOFDAY 1
| #define HAVE_USLEEP 1
| /* end confdefs.h.  */
| /* Define realpath to an innocuous variant, in case <limits.h> declares realpath.
|    For example, HP-UX 11i <limits.h> declares gettimeofday.  */
| #define realpath innocuous_realpath
| 
| /* System header to define __stub macros and hopefully few prototypes,
|    which can conflict with char realpath (); below.  */
| 
| #include <limits.h>
| #undef realpath
| 
| /* Override any GCC internal prototype to avoid an error.
|    Use char because int might match the return type of a GCC
|    builtin and then its argument prototype would still apply.  */
| #ifdef __cplusplus
| extern "C"
| #endif
| char realpath ();
| /* The GNU C library defines this for functions which it implements
|     to always fail with ENOSYS.  Some functions are actually named
|     something starting with __ and the normal name is an alias.  */
| #if defined __stub_realpath || defined __stub___realpath
| choke me
| #endif
| 
| int
| main (void)
| {
| return realpath ();
|   ;
|   return 0;
| }
configure:14325: result: no
configure:14334: checking whether to build a release
configure:14346: result: yes
configure:14390: checking whether to build Doxygen as HTML
configure:14392: result: yes
configure:14404: checking whether to build Doxygen as PDF
configure:14406: result: no
configure:14464: checking whether to enable verbose USB I/O messages
configure:14466: result: no
configure:14477: checking whether to enable verbose USB communication messages
configure:14479: result: no
configure:14498: checking whether to enable malloc free space logging
configure:14500: result: no
configure:15486: checking for libusb-1.0
configure:15493: $PKG_CONFIG --exists --print-errors "libusb-1.0"
configure:15496: $? = 0
configure:15510: $PKG_CONFIG --exists --print-errors "libusb-1.0"
configure:15513: $? = 0
configure:15527: $PKG_CONFIG --exists --print-errors "libusb-1.0"
configure:15530: $? = 0
configure:15577: result: yes
configure:15585: libusb-1.0 header bug workaround: LIBUSB1_CFLAGS changed to "-isystem C:/msys64/mingw64/include/libusb-1.0"
configure:15588: $PKG_CONFIG --exists --print-errors "libusb-1.0 >= 1.0.16"
configure:15591: $? = 0
configure:15619: checking for capstone
configure:15626: $PKG_CONFIG --exists --print-errors "capstone"
Package capstone was not found in the pkg-config search path.
Perhaps you should add the directory containing `capstone.pc'
to the PKG_CONFIG_PATH environment variable
Package 'capstone', required by 'virtual:world', not found
configure:15629: $? = 1
configure:15643: $PKG_CONFIG --exists --print-errors "capstone"
Package capstone was not found in the pkg-config search path.
Perhaps you should add the directory containing `capstone.pc'
to the PKG_CONFIG_PATH environment variable
Package 'capstone', required by 'virtual:world', not found
configure:15646: $? = 1
configure:15660: $PKG_CONFIG --exists --print-errors "capstone"
Package capstone was not found in the pkg-config search path.
Perhaps you should add the directory containing `capstone.pc'
to the PKG_CONFIG_PATH environment variable
Package 'capstone', required by 'virtual:world', not found
configure:15663: $? = 1
configure:15677: result: no
Package 'capstone', required by 'virtual:world', not found
configure:15732: checking for hidapi
configure:15739: $PKG_CONFIG --exists --print-errors "$hidapi_lib"
Package hidapi was not found in the pkg-config search path.
Perhaps you should add the directory containing `hidapi.pc'
to the PKG_CONFIG_PATH environment variable
Package 'hidapi', required by 'virtual:world', not found
configure:15742: $? = 1
configure:15756: $PKG_CONFIG --exists --print-errors "$hidapi_lib"
Package hidapi was not found in the pkg-config search path.
Perhaps you should add the directory containing `hidapi.pc'
to the PKG_CONFIG_PATH environment variable
Package 'hidapi', required by 'virtual:world', not found
configure:15759: $? = 1
configure:15773: $PKG_CONFIG --exists --print-errors "$hidapi_lib"
Package hidapi was not found in the pkg-config search path.
Perhaps you should add the directory containing `hidapi.pc'
to the PKG_CONFIG_PATH environment variable
Package 'hidapi', required by 'virtual:world', not found
configure:15776: $? = 1
configure:15790: result: no
Package 'hidapi', required by 'virtual:world', not found
configure:15732: checking for hidapi-hidraw
configure:15739: $PKG_CONFIG --exists --print-errors "$hidapi_lib"
Package hidapi-hidraw was not found in the pkg-config search path.
Perhaps you should add the directory containing `hidapi-hidraw.pc'
to the PKG_CONFIG_PATH environment variable
Package 'hidapi-hidraw', required by 'virtual:world', not found
configure:15742: $? = 1
configure:15756: $PKG_CONFIG --exists --print-errors "$hidapi_lib"
Package hidapi-hidraw was not found in the pkg-config search path.
Perhaps you should add the directory containing `hidapi-hidraw.pc'
to the PKG_CONFIG_PATH environment variable
Package 'hidapi-hidraw', required by 'virtual:world', not found
configure:15759: $? = 1
configure:15773: $PKG_CONFIG --exists --print-errors "$hidapi_lib"
Package hidapi-hidraw was not found in the pkg-config search path.
Perhaps you should add the directory containing `hidapi-hidraw.pc'
to the PKG_CONFIG_PATH environment variable
Package 'hidapi-hidraw', required by 'virtual:world', not found
configure:15776: $? = 1
configure:15790: result: no
Package 'hidapi-hidraw', required by 'virtual:world', not found
configure:15732: checking for hidapi-libusb
configure:15739: $PKG_CONFIG --exists --print-errors "$hidapi_lib"
Package hidapi-libusb was not found in the pkg-config search path.
Perhaps you should add the directory containing `hidapi-libusb.pc'
to the PKG_CONFIG_PATH environment variable
Package 'hidapi-libusb', required by 'virtual:world', not found
configure:15742: $? = 1
configure:15756: $PKG_CONFIG --exists --print-errors "$hidapi_lib"
Package hidapi-libusb was not found in the pkg-config search path.
Perhaps you should add the directory containing `hidapi-libusb.pc'
to the PKG_CONFIG_PATH environment variable
Package 'hidapi-libusb', required by 'virtual:world', not found
configure:15759: $? = 1
configure:15773: $PKG_CONFIG --exists --print-errors "$hidapi_lib"
Package hidapi-libusb was not found in the pkg-config search path.
Perhaps you should add the directory containing `hidapi-libusb.pc'
to the PKG_CONFIG_PATH environment variable
Package 'hidapi-libusb', required by 'virtual:world', not found
configure:15776: $? = 1
configure:15790: result: no
Package 'hidapi-libusb', required by 'virtual:world', not found
configure:15830: checking for libftdi1
configure:15837: $PKG_CONFIG --exists --print-errors "libftdi1"
Package libftdi1 was not found in the pkg-config search path.
Perhaps you should add the directory containing `libftdi1.pc'
to the PKG_CONFIG_PATH environment variable
Package 'libftdi1', required by 'virtual:world', not found
configure:15840: $? = 1
configure:15854: $PKG_CONFIG --exists --print-errors "libftdi1"
Package libftdi1 was not found in the pkg-config search path.
Perhaps you should add the directory containing `libftdi1.pc'
to the PKG_CONFIG_PATH environment variable
Package 'libftdi1', required by 'virtual:world', not found
configure:15857: $? = 1
configure:15871: $PKG_CONFIG --exists --print-errors "libftdi1"
Package libftdi1 was not found in the pkg-config search path.
Perhaps you should add the directory containing `libftdi1.pc'
to the PKG_CONFIG_PATH environment variable
Package 'libftdi1', required by 'virtual:world', not found
configure:15874: $? = 1
configure:15888: result: no
Package 'libftdi1', required by 'virtual:world', not found
configure:15907: checking for libftdi
configure:15914: $PKG_CONFIG --exists --print-errors "libftdi"
Package libftdi was not found in the pkg-config search path.
Perhaps you should add the directory containing `libftdi.pc'
to the PKG_CONFIG_PATH environment variable
Package 'libftdi', required by 'virtual:world', not found
configure:15917: $? = 1
configure:15931: $PKG_CONFIG --exists --print-errors "libftdi"
Package libftdi was not found in the pkg-config search path.
Perhaps you should add the directory containing `libftdi.pc'
to the PKG_CONFIG_PATH environment variable
Package 'libftdi', required by 'virtual:world', not found
configure:15934: $? = 1
configure:15948: $PKG_CONFIG --exists --print-errors "libftdi"
Package libftdi was not found in the pkg-config search path.
Perhaps you should add the directory containing `libftdi.pc'
to the PKG_CONFIG_PATH environment variable
Package 'libftdi', required by 'virtual:world', not found
configure:15951: $? = 1
configure:15965: result: no
Package 'libftdi', required by 'virtual:world', not found
configure:16112: checking for libgpiod
configure:16119: $PKG_CONFIG --exists --print-errors "libgpiod"
Package libgpiod was not found in the pkg-config search path.
Perhaps you should add the directory containing `libgpiod.pc'
to the PKG_CONFIG_PATH environment variable
Package 'libgpiod', required by 'virtual:world', not found
configure:16122: $? = 1
configure:16136: $PKG_CONFIG --exists --print-errors "libgpiod"
Package libgpiod was not found in the pkg-config search path.
Perhaps you should add the directory containing `libgpiod.pc'
to the PKG_CONFIG_PATH environment variable
Package 'libgpiod', required by 'virtual:world', not found
configure:16139: $? = 1
configure:16153: $PKG_CONFIG --exists --print-errors "libgpiod"
Package libgpiod was not found in the pkg-config search path.
Perhaps you should add the directory containing `libgpiod.pc'
to the PKG_CONFIG_PATH environment variable
Package 'libgpiod', required by 'virtual:world', not found
configure:16156: $? = 1
configure:16170: result: no
Package 'libgpiod', required by 'virtual:world', not found
configure:16202: checking for libjaylink >= 0.2
configure:16209: $PKG_CONFIG --exists --print-errors "libjaylink >= 0.2"
Package libjaylink was not found in the pkg-config search path.
Perhaps you should add the directory containing `libjaylink.pc'
to the PKG_CONFIG_PATH environment variable
Package 'libjaylink', required by 'virtual:world', not found
configure:16212: $? = 1
configure:16226: $PKG_CONFIG --exists --print-errors "libjaylink >= 0.2"
Package libjaylink was not found in the pkg-config search path.
Perhaps you should add the directory containing `libjaylink.pc'
to the PKG_CONFIG_PATH environment variable
Package 'libjaylink', required by 'virtual:world', not found
configure:16229: $? = 1
configure:16243: $PKG_CONFIG --exists --print-errors "libjaylink >= 0.2"
Package libjaylink was not found in the pkg-config search path.
Perhaps you should add the directory containing `libjaylink.pc'
to the PKG_CONFIG_PATH environment variable
Package 'libjaylink', required by 'virtual:world', not found
configure:16246: $? = 1
configure:16260: result: no
Package 'libjaylink', required by 'virtual:world', not found
configure:17681: checking for environ in unistd.h and stdlib.h
configure:17699: gcc -c -g -O2  conftest.c >&5
configure:17699: $? = 0
configure:17702: result: yes
configure:17898: checking that generated files are newer than configure
configure:17904: result: done
configure:18180: creating ./config.status

## ---------------------- ##
## Running config.status. ##
## ---------------------- ##

This file was extended by openocd config.status 0.12.0-rc1, which was
generated by GNU Autoconf 2.71.  Invocation command line was

  CONFIG_FILES    = 
  CONFIG_HEADERS  = 
  CONFIG_LINKS    = 
  CONFIG_COMMANDS = 
  $ ./config.status 

on ICT0123753

config.status:1300: creating Makefile
config.status:1300: creating config.h
config.status:1529: executing depfiles commands
config.status:1606: cd .       && sed -e '/# am--include-marker/d' Makefile         | make -f - am--depfiles
make: Nothing to be done for 'am--depfiles'.
config.status:1611: $? = 0
config.status:1529: executing libtool commands
configure:20388: === configuring in jimtcl (/c/zedboard/openocd/openocd-0.12.0-rc1/openocd-0.12.0-rc1/jimtcl)
configure:20449: running /bin/sh ./configure.gnu --disable-option-checking '--prefix=/mingw64'  '--enable-ftdi' 'PKG_CONFIG_PATH=/mingw64/lib/pkgconfig:/mingw64/share/pkgconfig' --cache-file=/dev/null --srcdir=.
configure:20388: === configuring in src/jtag/drivers/libjaylink (/c/zedboard/openocd/openocd-0.12.0-rc1/openocd-0.12.0-rc1/src/jtag/drivers/libjaylink)
configure:20449: running /bin/sh ./configure.gnu --disable-option-checking '--prefix=/mingw64'  '--enable-ftdi' 'PKG_CONFIG_PATH=/mingw64/lib/pkgconfig:/mingw64/share/pkgconfig' --cache-file=/dev/null --srcdir=.

## ---------------- ##
## Cache variables. ##
## ---------------- ##

ac_cv_build=x86_64-w64-mingw32
ac_cv_c_bigendian=no
ac_cv_c_compiler_gnu=yes
ac_cv_c_const=yes
ac_cv_env_CAPSTONE_CFLAGS_set=
ac_cv_env_CAPSTONE_CFLAGS_value=
ac_cv_env_CAPSTONE_LIBS_set=
ac_cv_env_CAPSTONE_LIBS_value=
ac_cv_env_CC_set=
ac_cv_env_CC_value=
ac_cv_env_CFLAGS_set=
ac_cv_env_CFLAGS_value=
ac_cv_env_CPPFLAGS_set=
ac_cv_env_CPPFLAGS_value=
ac_cv_env_CPP_set=
ac_cv_env_CPP_value=
ac_cv_env_HIDAPI_CFLAGS_set=
ac_cv_env_HIDAPI_CFLAGS_value=
ac_cv_env_HIDAPI_LIBS_set=
ac_cv_env_HIDAPI_LIBS_value=
ac_cv_env_LDFLAGS_set=
ac_cv_env_LDFLAGS_value=
ac_cv_env_LIBFTDI_CFLAGS_set=
ac_cv_env_LIBFTDI_CFLAGS_value=
ac_cv_env_LIBFTDI_LIBS_set=
ac_cv_env_LIBFTDI_LIBS_value=
ac_cv_env_LIBGPIOD_CFLAGS_set=
ac_cv_env_LIBGPIOD_CFLAGS_value=
ac_cv_env_LIBGPIOD_LIBS_set=
ac_cv_env_LIBGPIOD_LIBS_value=
ac_cv_env_LIBJAYLINK_CFLAGS_set=
ac_cv_env_LIBJAYLINK_CFLAGS_value=
ac_cv_env_LIBJAYLINK_LIBS_set=
ac_cv_env_LIBJAYLINK_LIBS_value=
ac_cv_env_LIBS_set=
ac_cv_env_LIBS_value=
ac_cv_env_LIBUSB1_CFLAGS_set=
ac_cv_env_LIBUSB1_CFLAGS_value=
ac_cv_env_LIBUSB1_LIBS_set=
ac_cv_env_LIBUSB1_LIBS_value=
ac_cv_env_LT_SYS_LIBRARY_PATH_set=
ac_cv_env_LT_SYS_LIBRARY_PATH_value=
ac_cv_env_PKG_CONFIG_LIBDIR_set=
ac_cv_env_PKG_CONFIG_LIBDIR_value=
ac_cv_env_PKG_CONFIG_PATH_set=set
ac_cv_env_PKG_CONFIG_PATH_value=/mingw64/lib/pkgconfig:/mingw64/share/pkgconfig
ac_cv_env_PKG_CONFIG_set=
ac_cv_env_PKG_CONFIG_value=
ac_cv_env_build_alias_set=
ac_cv_env_build_alias_value=
ac_cv_env_host_alias_set=
ac_cv_env_host_alias_value=
ac_cv_env_target_alias_set=
ac_cv_env_target_alias_value=
ac_cv_exeext=.exe
ac_cv_func_gettimeofday=yes
ac_cv_func_realpath=no
ac_cv_func_strndup=no
ac_cv_func_strnlen=yes
ac_cv_func_usleep=yes
ac_cv_header_arpa_inet_h=no
ac_cv_header_dlfcn_h=no
ac_cv_header_elf_h=no
ac_cv_header_fcntl_h=yes
ac_cv_header_inttypes_h=yes
ac_cv_header_malloc_h=yes
ac_cv_header_netdb_h=no
ac_cv_header_netinet_in_h=no
ac_cv_header_netinet_tcp_h=no
ac_cv_header_poll_h=no
ac_cv_header_stdbool_h=yes
ac_cv_header_stdint_h=yes
ac_cv_header_stdio_h=yes
ac_cv_header_stdlib_h=yes
ac_cv_header_string_h=yes
ac_cv_header_strings_h=yes
ac_cv_header_sys_ioctl_h=no
ac_cv_header_sys_param_h=yes
ac_cv_header_sys_select_h=no
ac_cv_header_sys_socket_h=no
ac_cv_header_sys_stat_h=yes
ac_cv_header_sys_sysctl_h=no
ac_cv_header_sys_time_h=yes
ac_cv_header_sys_types_h=yes
ac_cv_header_unistd_h=yes
ac_cv_host=x86_64-w64-mingw32
ac_cv_objext=o
ac_cv_path_EGREP='/usr/bin/grep -E'
ac_cv_path_FGREP='/usr/bin/grep -F'
ac_cv_path_GREP=/usr/bin/grep
ac_cv_path_SED=/usr/bin/sed
ac_cv_path_ac_pt_PKG_CONFIG=/mingw64/bin/pkg-config
ac_cv_path_install='/usr/bin/install -c'
ac_cv_path_lt_DD=/usr/bin/dd
ac_cv_path_mkdir=/usr/bin/mkdir
ac_cv_prog_AWK=gawk
ac_cv_prog_CPP='gcc -E'
ac_cv_prog_ac_ct_AR=ar
ac_cv_prog_ac_ct_CC=gcc
ac_cv_prog_ac_ct_DLLTOOL=dlltool
ac_cv_prog_ac_ct_OBJDUMP=objdump
ac_cv_prog_ac_ct_RANLIB=ranlib
ac_cv_prog_ac_ct_STRIP=strip
ac_cv_prog_cc_c11=
ac_cv_prog_cc_g=yes
ac_cv_prog_cc_stdc=
ac_cv_prog_make_make_set=yes
ac_cv_search_dlopen=no
ac_cv_search_ioperm=no
ac_cv_search_openpty=no
ac_cv_type__Bool=yes
ac_cv_type_long_long_int=yes
ac_cv_type_unsigned_long_long_int=yes
am_cv_CC_dependencies_compiler_type=gcc3
am_cv_make_support_nested_variables=yes
am_cv_prog_cc_c_o=yes
lt_cv_ar_at_file=@
lt_cv_deplibs_check_method='file_magic ^x86 archive import|^x86 DLL'
lt_cv_file_magic_cmd=func_win32_libid
lt_cv_file_magic_test_file=
lt_cv_ld_reload_flag=-r
lt_cv_nm_interface='BSD nm'
lt_cv_objdir=.libs
lt_cv_path_LD=C:/msys64/mingw64/x86_64-w64-mingw32/bin/ld.exe
lt_cv_path_NM='/mingw64/bin/nm -B'
lt_cv_path_mainfest_tool=no
lt_cv_prog_compiler_c_o=yes
lt_cv_prog_compiler_pic='-DDLL_EXPORT -DPIC'
lt_cv_prog_compiler_pic_works=yes
lt_cv_prog_compiler_rtti_exceptions=no
lt_cv_prog_compiler_static_works=yes
lt_cv_prog_gnu_ld=yes
lt_cv_sharedlib_from_linklib_cmd=func_cygming_dll_for_implib
lt_cv_sys_global_symbol_pipe='sed -n -e '\''s/^.*[	 ]\([ABCDGIRSTW][ABCDGIRSTW]*\)[	 ][	 ]*\([_A-Za-z][_A-Za-z0-9]*\)\{0,1\}$/\1 \2 \2/p'\'' | sed '\''/ __gnu_lto/d'\'''
lt_cv_sys_global_symbol_to_c_name_address='sed -n -e '\''s/^: \(.*\) .*$/  {"\1", (void *) 0},/p'\'' -e '\''s/^[ABCDGIRSTW][ABCDGIRSTW]* .* \(.*\)$/  {"\1", (void *) \&\1},/p'\'''
lt_cv_sys_global_symbol_to_c_name_address_lib_prefix='sed -n -e '\''s/^: \(.*\) .*$/  {"\1", (void *) 0},/p'\'' -e '\''s/^[ABCDGIRSTW][ABCDGIRSTW]* .* \(lib.*\)$/  {"\1", (void *) \&\1},/p'\'' -e '\''s/^[ABCDGIRSTW][ABCDGIRSTW]* .* \(.*\)$/  {"lib\1", (void *) \&\1},/p'\'''
lt_cv_sys_global_symbol_to_cdecl='sed -n -e '\''s/^T .* \(.*\)$/extern int \1();/p'\'' -e '\''s/^[ABCDGIRSTW][ABCDGIRSTW]* .* \(.*\)$/extern char \1;/p'\'''
lt_cv_sys_global_symbol_to_import=
lt_cv_sys_max_cmd_len=8192
lt_cv_to_host_file_cmd=func_convert_file_msys_to_w32
lt_cv_to_tool_file_cmd=func_convert_file_msys_to_w32
lt_cv_truncate_bin='/usr/bin/dd bs=4096 count=1'
pkg_cv_LIBUSB1_CFLAGS='-IC:/msys64/mingw64/include/libusb-1.0 '
pkg_cv_LIBUSB1_LIBS='-LC:/msys64/mingw64/lib -lusb-1.0 '
pkg_cv_LIBUSB1_VERSION=1.0.26

## ----------------- ##
## Output variables. ##
## ----------------- ##

ACLOCAL='${SHELL} '\''/c/zedboard/openocd/openocd-0.12.0-rc1/openocd-0.12.0-rc1/build-aux/missing'\'' aclocal-1.16'
AICE_FALSE=''
AICE_TRUE='#'
AM335XGPIO_FALSE=''
AM335XGPIO_TRUE='#'
AMDEPBACKSLASH='\'
AMDEP_FALSE='#'
AMDEP_TRUE=''
AMTAR='$${TAR-tar}'
AMTJTAGACCEL_FALSE=''
AMTJTAGACCEL_TRUE='#'
AM_BACKSLASH='\'
AM_DEFAULT_V='$(AM_DEFAULT_VERBOSITY)'
AM_DEFAULT_VERBOSITY='1'
AM_V='$(V)'
AR='ar'
ARMJTAGEW_FALSE='#'
ARMJTAGEW_TRUE=''
AT91RM9200_FALSE=''
AT91RM9200_TRUE='#'
AUTOCONF='${SHELL} '\''/c/zedboard/openocd/openocd-0.12.0-rc1/openocd-0.12.0-rc1/build-aux/missing'\'' autoconf'
AUTOHEADER='${SHELL} '\''/c/zedboard/openocd/openocd-0.12.0-rc1/openocd-0.12.0-rc1/build-aux/missing'\'' autoheader'
AUTOMAKE='${SHELL} '\''/c/zedboard/openocd/openocd-0.12.0-rc1/openocd-0.12.0-rc1/build-aux/missing'\'' automake-1.16'
AWK='gawk'
BCM2835GPIO_FALSE=''
BCM2835GPIO_TRUE='#'
BITBANG_FALSE=''
BITBANG_TRUE='#'
BITQ_FALSE='#'
BITQ_TRUE=''
BUSPIRATE_FALSE=''
BUSPIRATE_TRUE='#'
CAPSTONE_CFLAGS=''
CAPSTONE_LIBS=''
CC='gcc'
CCDEPMODE='depmode=gcc3'
CFLAGS='-g -O2'
CMSIS_DAP_HID_FALSE=''
CMSIS_DAP_HID_TRUE='#'
CMSIS_DAP_USB_FALSE='#'
CMSIS_DAP_USB_TRUE=''
CPP='gcc -E'
CPPFLAGS=''
CSCOPE='cscope'
CTAGS='ctags'
CYGPATH_W='cygpath -w'
DEFS='-DHAVE_CONFIG_H'
DEPDIR='.deps'
DLLTOOL='dlltool'
DSYMUTIL=''
DUMMY_FALSE=''
DUMMY_TRUE='#'
DUMPBIN=''
ECHO_C=''
ECHO_N='-n'
ECHO_T=''
EGREP='/usr/bin/grep -E'
EP93XX_FALSE=''
EP93XX_TRUE='#'
ESP_USB_JTAG_FALSE='#'
ESP_USB_JTAG_TRUE=''
ETAGS='etags'
EXEEXT='.exe'
EXTRA_DIST_NEWS='./NEWS-0.10.0 ./NEWS-0.11.0 ./NEWS-0.2.0 ./NEWS-0.3.0 ./NEWS-0.4.0 ./NEWS-0.5.0 ./NEWS-0.6.0 ./NEWS-0.7.0 ./NEWS-0.8.0 ./NEWS-0.9.0'
FGREP='/usr/bin/grep -F'
FT232R_FALSE='#'
FT232R_TRUE=''
FTDI_FALSE='#'
FTDI_TRUE=''
GCC_WARNINGS='-Wall -Wstrict-prototypes -Wformat-security -Wshadow -Wextra -Wno-unused-parameter -Wbad-function-cast -Wcast-align -Wredundant-decls -Wpointer-arith -Wundef -Werror'
GIVEIO_FALSE='#'
GIVEIO_TRUE=''
GREP='/usr/bin/grep'
GW16012_FALSE=''
GW16012_TRUE='#'
HAVE_CAPSTONE_FALSE=''
HAVE_CAPSTONE_TRUE='#'
HIDAPI_CFLAGS=''
HIDAPI_LIBS=''
HLADAPTER_FALSE='#'
HLADAPTER_ICDI_FALSE='#'
HLADAPTER_ICDI_TRUE=''
HLADAPTER_NULINK_FALSE=''
HLADAPTER_NULINK_TRUE='#'
HLADAPTER_STLINK_FALSE='#'
HLADAPTER_STLINK_TRUE=''
HLADAPTER_TRUE=''
HOST_CPPFLAGS='-D__USE_MINGW_ANSI_STDIO'
IMX_GPIO_FALSE=''
IMX_GPIO_TRUE='#'
INSTALL_DATA='${INSTALL} -m 644'
INSTALL_PROGRAM='${INSTALL}'
INSTALL_SCRIPT='${INSTALL}'
INSTALL_STRIP_PROGRAM='$(install_sh) -c -s'
INTERNAL_JIMTCL_FALSE='#'
INTERNAL_JIMTCL_TRUE=''
INTERNAL_LIBJAYLINK_FALSE='#'
INTERNAL_LIBJAYLINK_TRUE=''
IS_CYGWIN_FALSE=''
IS_CYGWIN_TRUE='#'
IS_DARWIN_FALSE=''
IS_DARWIN_TRUE='#'
IS_MINGW_FALSE='#'
IS_MINGW_TRUE=''
IS_WIN32_FALSE='#'
IS_WIN32_TRUE=''
JLINK_FALSE='#'
JLINK_TRUE=''
JTAG_DPI_FALSE=''
JTAG_DPI_TRUE='#'
JTAG_VPI_FALSE=''
JTAG_VPI_TRUE='#'
KITPROG_FALSE=''
KITPROG_TRUE='#'
LD='C:/msys64/mingw64/x86_64-w64-mingw32/bin/ld.exe'
LDFLAGS=''
LIBFTDI_CFLAGS=''
LIBFTDI_LIBS=''
LIBGPIOD_CFLAGS=''
LIBGPIOD_LIBS=''
LIBJAYLINK_CFLAGS=''
LIBJAYLINK_LIBS=''
LIBOBJS=''
LIBS=''
LIBTOOL='$(SHELL) $(top_builddir)/libtool'
LIBTOOL_DEPS='./build-aux//ltmain.sh'
LIBUSB1_CFLAGS='-isystem C:/msys64/mingw64/include/libusb-1.0'
LIBUSB1_LIBS='-LC:/msys64/mingw64/lib -lusb-1.0 '
LINUXGPIOD_FALSE=''
LINUXGPIOD_TRUE='#'
LIPO=''
LN_S='cp -pR'
LTLIBOBJS=''
LT_SYS_LIBRARY_PATH=''
MAKEINFO='echo makeinfo missing; true'
MANIFEST_TOOL=':'
MKDIR_P='/usr/bin/mkdir -p'
NM='/mingw64/bin/nm -B'
NMEDIT=''
OBJDUMP='objdump'
OBJEXT='o'
OPENDOUS_FALSE='#'
OPENDOUS_TRUE=''
OPENJTAG_FALSE=''
OPENJTAG_TRUE='#'
OSBDM_FALSE='#'
OSBDM_TRUE=''
OTOOL64=''
OTOOL=''
PACKAGE='openocd'
PACKAGE_BUGREPORT='OpenOCD Mailing List <openocd-devel@lists.sourceforge.net>'
PACKAGE_NAME='openocd'
PACKAGE_STRING='openocd 0.12.0-rc1'
PACKAGE_TARNAME='openocd'
PACKAGE_URL=''
PACKAGE_VERSION='0.12.0-rc1'
PARPORT_FALSE=''
PARPORT_TRUE='#'
PATH_SEPARATOR=':'
PKG_CONFIG='/mingw64/bin/pkg-config'
PKG_CONFIG_LIBDIR=''
PKG_CONFIG_PATH='/mingw64/lib/pkgconfig:/mingw64/share/pkgconfig'
PRESTO_FALSE=''
PRESTO_TRUE='#'
RANLIB='ranlib'
RELEASE_FALSE='#'
RELEASE_TRUE=''
REMOTE_BITBANG_FALSE=''
REMOTE_BITBANG_TRUE='#'
RLINK_FALSE='#'
RLINK_TRUE=''
RSHIM_FALSE=''
RSHIM_TRUE='#'
SED='/usr/bin/sed'
SET_MAKE=''
SHELL='/bin/sh'
STRIP='strip'
SYSFSGPIO_FALSE=''
SYSFSGPIO_TRUE='#'
ULINK_FALSE='#'
ULINK_TRUE=''
USBPROG_FALSE='#'
USBPROG_TRUE=''
USB_BLASTER_2_FALSE='#'
USB_BLASTER_2_TRUE=''
USB_BLASTER_DRIVER_FALSE='#'
USB_BLASTER_DRIVER_TRUE=''
USB_BLASTER_FALSE=''
USB_BLASTER_TRUE='#'
USE_HIDAPI_FALSE=''
USE_HIDAPI_TRUE='#'
USE_LIBFTDI_FALSE=''
USE_LIBFTDI_TRUE='#'
USE_LIBGPIOD_FALSE=''
USE_LIBGPIOD_TRUE='#'
USE_LIBJAYLINK_FALSE=''
USE_LIBJAYLINK_TRUE='#'
USE_LIBUSB1_FALSE='#'
USE_LIBUSB1_TRUE=''
VDEBUG_FALSE=''
VDEBUG_TRUE='#'
VERSION='0.12.0-rc1'
VSLLINK_FALSE='#'
VSLLINK_TRUE=''
XDS110_FALSE='#'
XDS110_TRUE=''
XLNX_PCIE_XVC_FALSE=''
XLNX_PCIE_XVC_TRUE='#'
ac_ct_AR='ar'
ac_ct_CC='gcc'
ac_ct_DUMPBIN=''
am__EXEEXT_FALSE='#'
am__EXEEXT_TRUE=''
am__fastdepCC_FALSE='#'
am__fastdepCC_TRUE=''
am__include='include'
am__isrc=''
am__leading_dot='.'
am__nodep='_no'
am__quote=''
am__tar='$${TAR-tar} chof - "$$tardir"'
am__untar='$${TAR-tar} xf -'
bindir='${exec_prefix}/bin'
build='x86_64-w64-mingw32'
build_alias='x86_64-w64-mingw32'
build_cpu='x86_64'
build_os='mingw32'
build_vendor='w64'
datadir='${datarootdir}'
datarootdir='${prefix}/share'
docdir='${datarootdir}/doc/${PACKAGE_TARNAME}'
doxygen_as_html='yes'
doxygen_as_pdf='no'
dvidir='${docdir}'
exec_prefix='${prefix}'
host='x86_64-w64-mingw32'
host_alias=''
host_cpu='x86_64'
host_os='mingw32'
host_vendor='w64'
htmldir='${docdir}'
includedir='${prefix}/include'
infodir='${datarootdir}/info'
install_sh='${SHELL} /c/zedboard/openocd/openocd-0.12.0-rc1/openocd-0.12.0-rc1/build-aux/install-sh'
libdir='${exec_prefix}/lib'
libexecdir='${exec_prefix}/libexec'
localedir='${datarootdir}/locale'
localstatedir='${prefix}/var'
mandir='${datarootdir}/man'
mkdir_p='$(MKDIR_P)'
oldincludedir='/usr/include'
pdfdir='${docdir}'
prefix='/mingw64'
program_transform_name='s,x,x,'
psdir='${docdir}'
runstatedir='${localstatedir}/run'
sbindir='${exec_prefix}/sbin'
sharedstatedir='${prefix}/com'
subdirs=' jimtcl src/jtag/drivers/libjaylink'
sysconfdir='${prefix}/etc'
target_alias=''

## ----------- ##
## confdefs.h. ##
## ----------- ##

/* confdefs.h */
#define PACKAGE_NAME "openocd"
#define PACKAGE_TARNAME "openocd"
#define PACKAGE_VERSION "0.12.0-rc1"
#define PACKAGE_STRING "openocd 0.12.0-rc1"
#define PACKAGE_BUGREPORT "OpenOCD Mailing List <openocd-devel@lists.sourceforge.net>"
#define PACKAGE_URL ""
#define PACKAGE "openocd"
#define VERSION "0.12.0-rc1"
#define HAVE_STDIO_H 1
#define HAVE_STDLIB_H 1
#define HAVE_STRING_H 1
#define HAVE_INTTYPES_H 1
#define HAVE_STDINT_H 1
#define HAVE_STRINGS_H 1
#define HAVE_SYS_STAT_H 1
#define HAVE_SYS_TYPES_H 1
#define HAVE_UNISTD_H 1
#define STDC_HEADERS 1
#define LT_OBJDIR ".libs/"
#define HAVE_UNSIGNED_LONG_LONG_INT 1
#define HAVE_LONG_LONG_INT 1
#define HAVE_FCNTL_H 1
#define HAVE_MALLOC_H 1
#define HAVE_STRINGS_H 1
#define HAVE_SYS_PARAM_H 1
#define HAVE_SYS_STAT_H 1
#define HAVE_SYS_TIME_H 1
#define HAVE_SYS_TYPES_H 1
#define HAVE_UNISTD_H 1
#define HAVE__BOOL 1
#define HAVE_STDBOOL_H 1
#define HAVE_STRNLEN 1
#define HAVE_GETTIMEOFDAY 1
#define HAVE_USLEEP 1
#define IS_CYGWIN 0
#define IS_MINGW 1
#define IS_WIN32 1
#define IS_DARWIN 0
#define BUILD_PARPORT 0
#define BUILD_RSHIM 0
#define BUILD_DUMMY 0
#define BUILD_EP93XX 0
#define BUILD_AT91RM9200 0
#define BUILD_BCM2835GPIO 0
#define BUILD_IMX_GPIO 0
#define BUILD_AM335XGPIO 0
#define PARPORT_USE_PPDEV 0
#define PARPORT_USE_GIVEIO 1
#define BUILD_JTAG_VPI 0
#define BUILD_VDEBUG 0
#define BUILD_JTAG_DPI 0
#define BUILD_AMTJTAGACCEL 0
#define BUILD_GW16012 0
#define BUILD_BUSPIRATE 0
#define BUILD_REMOTE_BITBANG 0
#define BUILD_SYSFSGPIO 0
#define BUILD_XLNX_PCIE_XVC 0
#define HAVE_LIBUSB1 1
#define HAVE_LIBUSB_GET_PORT_NUMBERS 1
#define HAVE_CAPSTONE 0
#define BUILD_FTDI 1
#define BUILD_HLADAPTER_STLINK 1
#define BUILD_HLADAPTER_ICDI 1
#define BUILD_ULINK 1
#define BUILD_USB_BLASTER_2 1
#define BUILD_FT232R 1
#define BUILD_VSLLINK 1
#define BUILD_XDS110 1
#define BUILD_CMSIS_DAP_USB 1
#define BUILD_OSBDM 1
#define BUILD_OPENDOUS 1
#define BUILD_ARMJTAGEW 1
#define BUILD_RLINK 1
#define BUILD_USBPROG 1
#define BUILD_ESP_USB_JTAG 1
#define BUILD_AICE 0
#define BUILD_CMSIS_DAP_HID 0
#define BUILD_HLADAPTER_NULINK 0
#define BUILD_KITPROG 0
#define BUILD_USB_BLASTER 0
#define BUILD_PRESTO 0
#define BUILD_OPENJTAG 0
#define BUILD_LINUXGPIOD 0
#define BUILD_JLINK 1
#define BUILD_HLADAPTER 1
#define _GNU_SOURCE 1

configure: exit 0
