This file contains any messages produced by compilers while
running configure, to aid debugging if configure makes a mistake.

It was created by libjaylink configure 0.3.1, which was
generated by GNU Autoconf 2.71.  Invocation command line was

  $ /c/zedboard/openocd/openocd-0.12.0-rc1/openocd-0.12.0-rc1/src/jtag/drivers/libjaylink/configure --enable-subproject-build --disable-option-checking --prefix=/mingw64 --enable-ftdi PKG_CONFIG_PATH=/mingw64/lib/pkgconfig:/mingw64/share/pkgconfig --cache-file=/dev/null --srcdir=.

## --------- ##
## Platform. ##
## --------- ##

hostname = ICT0123753
uname -m = x86_64
uname -r = 3.3.6-341.x86_64
uname -s = MINGW64_NT-10.0-19044
uname -v = 2022-09-20 22:07 UTC

/usr/bin/uname -p = unknown
/bin/uname -X     = unknown

/bin/arch              = x86_64
/usr/bin/arch -k       = unknown
/usr/convex/getsysinfo = unknown
/usr/bin/hostinfo      = unknown
/bin/machine           = unknown
/usr/bin/oslevel       = unknown
/bin/universe          = unknown

PATH: /mingw64/bin/
PATH: /usr/local/bin/
PATH: /usr/bin/
PATH: /bin/
PATH: /c/Windows/System32/
PATH: /c/Windows/
PATH: /c/Windows/System32/Wbem/
PATH: /c/Windows/System32/WindowsPowerShell/v1.0/
PATH: /usr/bin/site_perl/
PATH: /usr/bin/vendor_perl/
PATH: /usr/bin/core_perl/


## ----------- ##
## Core tests. ##
## ----------- ##

configure:2077: loading site script /etc/config.site
| # This file is in public domain.
| # Original author: Karlson2k (Evgeny Grin)
| # Written for MSys2 to help running 'configure' scripts
| 
| # Defaults for MSys2/MinGW64-targeted programs
| 
| # Set proper selfname on bash and fallback to default name on other shells
| test -n "${BASH_SOURCE}" 2>/dev/null && config_site_me="${BASH_SOURCE[0]##*/}" || config_site_me=config.site
| 
| # Set default 'host' to speedup configure
| if test -z "$build_alias"; then
|   build_alias="${MSYSTEM_CHOST}"  && \
|     ${as_echo-echo} "$config_site_me:${as_lineno-$LINENO}: default build_alias set to $build_alias" >&5
| fi
| 
| # Set default 'prefix'
| if ( test -z "$prefix" || test "x$prefix" = "xNONE" ) && \
|     ( test -z "$exec_prefix" || test "x$exec_prefix" = "xNONE" ); then
|   prefix="${MSYSTEM_PREFIX}" && \
|     ${as_echo-echo} "$config_site_me:${as_lineno-$LINENO}: default prefix set to $prefix" >&5
| fi
config.site:13: default build_alias set to x86_64-w64-mingw32
configure:2436: looking for aux files: ltmain.sh ar-lib compile missing install-sh config.guess config.sub
configure:2449:  trying ./build-aux/
configure:2478:   ./build-aux/ltmain.sh found
configure:2478:   ./build-aux/ar-lib found
configure:2478:   ./build-aux/compile found
configure:2478:   ./build-aux/missing found
configure:2460:   ./build-aux/install-sh found
configure:2478:   ./build-aux/config.guess found
configure:2478:   ./build-aux/config.sub found
configure:2601: checking build system type
configure:2616: result: x86_64-w64-mingw32
configure:2636: checking host system type
configure:2650: result: x86_64-w64-mingw32
configure:2688: checking for a BSD-compatible install
configure:2761: result: /usr/bin/install -c
configure:2772: checking whether build environment is sane
configure:2827: result: yes
configure:2986: checking for a race-free mkdir -p
configure:3030: result: /usr/bin/mkdir -p
configure:3037: checking for gawk
configure:3058: found /usr/bin/gawk
configure:3069: result: gawk
configure:3080: checking whether make sets $(MAKE)
configure:3103: result: yes
configure:3133: checking whether make supports nested variables
configure:3151: result: yes
configure:3355: checking for gcc
configure:3376: found /mingw64/bin/gcc
configure:3387: result: gcc
configure:3740: checking for C compiler version
configure:3749: gcc --version >&5
gcc.exe (Rev1, Built by MSYS2 project) 12.2.0
Copyright (C) 2022 Free Software Foundation, Inc.
This is free software; see the source for copying conditions.  There is NO
warranty; not even for MERCHANTABILITY or FITNESS FOR A PARTICULAR PURPOSE.

configure:3760: $? = 0
configure:3749: gcc -v >&5
Using built-in specs.
COLLECT_GCC=C:\msys64\mingw64\bin\gcc.exe
COLLECT_LTO_WRAPPER=C:/msys64/mingw64/bin/../lib/gcc/x86_64-w64-mingw32/12.2.0/lto-wrapper.exe
Target: x86_64-w64-mingw32
Configured with: ../gcc-12.2.0/configure --prefix=/mingw64 --with-local-prefix=/mingw64/local --build=x86_64-w64-mingw32 --host=x86_64-w64-mingw32 --target=x86_64-w64-mingw32 --with-native-system-header-dir=/mingw64/include --libexecdir=/mingw64/lib --enable-bootstrap --enable-checking=release --with-arch=x86-64 --with-tune=generic --enable-languages=c,lto,c++,fortran,ada,objc,obj-c++,jit --enable-shared --enable-static --enable-libatomic --enable-threads=posix --enable-graphite --enable-fully-dynamic-string --enable-libstdcxx-filesystem-ts --enable-libstdcxx-time --disable-libstdcxx-pch --enable-lto --enable-libgomp --disable-multilib --disable-rpath --disable-win32-registry --disable-nls --disable-werror --disable-symvers --with-libiconv --with-system-zlib --with-gmp=/mingw64 --with-mpfr=/mingw64 --with-mpc=/mingw64 --with-isl=/mingw64 --with-pkgversion='Rev1, Built by MSYS2 project' --with-bugurl=https://github.com/msys2/MINGW-packages/issues --with-gnu-as --with-gnu-ld --disable-libstdcxx-debug --with-boot-ldflags=-static-libstdc++ --with-stage1-ldflags=-static-libstdc++
Thread model: posix
Supported LTO compression algorithms: zlib zstd
gcc version 12.2.0 (Rev1, Built by MSYS2 project) 
configure:3760: $? = 0
configure:3749: gcc -V >&5
gcc.exe: error: unrecognized command-line option '-V'
gcc.exe: fatal error: no input files
compilation terminated.
configure:3760: $? = 1
configure:3749: gcc -qversion >&5
gcc.exe: error: unrecognized command-line option '-qversion'; did you mean '--version'?
gcc.exe: fatal error: no input files
compilation terminated.
configure:3760: $? = 1
configure:3749: gcc -version >&5
gcc.exe: error: unrecognized command-line option '-version'
gcc.exe: fatal error: no input files
compilation terminated.
configure:3760: $? = 1
configure:3780: checking whether the C compiler works
configure:3802: gcc    conftest.c  >&5
configure:3806: $? = 0
configure:3856: result: yes
configure:3859: checking for C compiler default output file name
configure:3861: result: a.exe
configure:3867: checking for suffix of executables
configure:3874: gcc -o conftest.exe    conftest.c  >&5
configure:3878: $? = 0
configure:3901: result: .exe
configure:3923: checking whether we are cross compiling
configure:3931: gcc -o conftest.exe    conftest.c  >&5
configure:3935: $? = 0
configure:3942: ./conftest.exe
configure:3946: $? = 0
configure:3961: result: no
configure:3966: checking for suffix of object files
configure:3989: gcc -c   conftest.c >&5
configure:3993: $? = 0
configure:4015: result: o
configure:4019: checking whether the compiler supports GNU C
configure:4039: gcc -c   conftest.c >&5
configure:4039: $? = 0
configure:4049: result: yes
configure:4060: checking whether gcc accepts -g
configure:4081: gcc -c -g  conftest.c >&5
configure:4081: $? = 0
configure:4125: result: yes
configure:4145: checking for gcc option to enable C11 features
configure:4160: gcc  -c -g -O2  conftest.c >&5
configure:4160: $? = 0
configure:4178: result: none needed
configure:4294: checking whether gcc understands -c and -o together
configure:4317: gcc -c conftest.c -o conftest2.o
configure:4320: $? = 0
configure:4317: gcc -c conftest.c -o conftest2.o
configure:4320: $? = 0
configure:4332: result: yes
configure:4352: checking whether make supports the include directive
configure:4367: make -f confmf.GNU && cat confinc.out
this is the am__doit target
configure:4370: $? = 0
configure:4389: result: yes (GNU style)
configure:4415: checking dependency style of gcc
configure:4527: result: gcc3
configure:4604: checking for ar
configure:4625: found /mingw64/bin/ar
configure:4636: result: ar
configure:4662: checking the archiver (ar) interface
configure:4679: gcc -c -g -O2  conftest.c >&5
configure:4679: $? = 0
configure:4682: ar cru libconftest.a conftest.o >&5
C:\msys64\mingw64\bin\ar.exe: `u' modifier ignored since `D' is the default (see `U')
configure:4685: $? = 0
configure:4713: result: ar
configure:4782: checking how to print strings
configure:4809: result: printf
configure:4830: checking for a sed that does not truncate output
configure:4900: result: /usr/bin/sed
configure:4918: checking for grep that handles long lines and -e
configure:4982: result: /usr/bin/grep
configure:4987: checking for egrep
configure:5055: result: /usr/bin/grep -E
configure:5060: checking for fgrep
configure:5128: result: /usr/bin/grep -F
configure:5164: checking for ld used by gcc
configure:5232: result: C:/msys64/mingw64/x86_64-w64-mingw32/bin/ld.exe
configure:5239: checking if the linker (C:/msys64/mingw64/x86_64-w64-mingw32/bin/ld.exe) is GNU ld
configure:5255: result: yes
configure:5267: checking for BSD- or MS-compatible name lister (nm)
configure:5322: result: /mingw64/bin/nm -B
configure:5462: checking the name lister (/mingw64/bin/nm -B) interface
configure:5470: gcc -c -g -O2  conftest.c >&5
configure:5473: /mingw64/bin/nm -B "conftest.o"
configure:5476: output
0000000000000000 b .bss
0000000000000000 d .data
0000000000000000 N .debug_abbrev
0000000000000000 N .debug_aranges
0000000000000000 N .debug_info
0000000000000000 N .debug_line
0000000000000000 N .debug_line_str
0000000000000000 r .rdata$zzz
0000000000000000 t .text
0000000000000000 B some_variable
configure:5483: result: BSD nm
configure:5486: checking whether ln -s works
configure:5493: result: no, using cp -pR
configure:5498: checking the maximum length of command line arguments
configure:5630: result: 8192
configure:5678: checking how to convert x86_64-w64-mingw32 file names to x86_64-w64-mingw32 format
configure:5719: result: func_convert_file_msys_to_w32
configure:5726: checking how to convert x86_64-w64-mingw32 file names to toolchain format
configure:5747: result: func_convert_file_msys_to_w32
configure:5754: checking for C:/msys64/mingw64/x86_64-w64-mingw32/bin/ld.exe option to reload object files
configure:5762: result: -r
configure:5841: checking for objdump
configure:5862: found /mingw64/bin/objdump
configure:5873: result: objdump
configure:5905: checking how to recognize dependent libraries
configure:6106: result: file_magic ^x86 archive import|^x86 DLL
configure:6196: checking for dlltool
configure:6217: found /mingw64/bin/dlltool
configure:6228: result: dlltool
configure:6261: checking how to associate runtime and link libraries
configure:6289: result: func_cygming_dll_for_implib
configure:6423: checking for archiver @FILE support
configure:6441: gcc -c -g -O2  conftest.c >&5
configure:6441: $? = 0
configure:6445: ar cru libconftest.a @conftest.lst >&5
C:\msys64\mingw64\bin\ar.exe: `u' modifier ignored since `D' is the default (see `U')
configure:6448: $? = 0
configure:6453: ar cru libconftest.a @conftest.lst >&5
C:\msys64\mingw64\bin\ar.exe: `u' modifier ignored since `D' is the default (see `U')
C:\msys64\mingw64\bin\ar.exe: conftest.o: No such file or directory
configure:6456: $? = 1
configure:6468: result: @
configure:6531: checking for strip
configure:6552: found /mingw64/bin/strip
configure:6563: result: strip
configure:6640: checking for ranlib
configure:6661: found /mingw64/bin/ranlib
configure:6672: result: ranlib
configure:6774: checking command to parse /mingw64/bin/nm -B output from gcc object
configure:6928: gcc -c -g -O2  conftest.c >&5
configure:6931: $? = 0
configure:6935: /mingw64/bin/nm -B conftest.o | sed -n -e 's/^.*[	 ]\([ABCDGIRSTW][ABCDGIRSTW]*\)[	 ][	 ]*\([_A-Za-z][_A-Za-z0-9]*\)\{0,1\}$/\1 \2 \2/p' | sed '/ __gnu_lto/d' > conftest.nm
configure:7001: gcc -o conftest.exe -g -O2   conftest.c conftstm.o >&5
configure:7004: $? = 0
configure:7042: result: ok
configure:7089: checking for sysroot
configure:7120: result: no
configure:7127: checking for a working dd
configure:7171: result: /usr/bin/dd
configure:7175: checking how to truncate binary pipes
configure:7191: result: /usr/bin/dd bs=4096 count=1
configure:7528: checking for mt
configure:7563: result: no
configure:7583: checking if : is a manifest tool
configure:7590: : '-?'
configure:7598: result: no
configure:8328: checking for stdio.h
configure:8328: gcc -c -g -O2  conftest.c >&5
configure:8328: $? = 0
configure:8328: result: yes
configure:8328: checking for stdlib.h
configure:8328: gcc -c -g -O2  conftest.c >&5
configure:8328: $? = 0
configure:8328: result: yes
configure:8328: checking for string.h
configure:8328: gcc -c -g -O2  conftest.c >&5
configure:8328: $? = 0
configure:8328: result: yes
configure:8328: checking for inttypes.h
configure:8328: gcc -c -g -O2  conftest.c >&5
configure:8328: $? = 0
configure:8328: result: yes
configure:8328: checking for stdint.h
configure:8328: gcc -c -g -O2  conftest.c >&5
configure:8328: $? = 0
configure:8328: result: yes
configure:8328: checking for strings.h
configure:8328: gcc -c -g -O2  conftest.c >&5
configure:8328: $? = 0
configure:8328: result: yes
configure:8328: checking for sys/stat.h
configure:8328: gcc -c -g -O2  conftest.c >&5
configure:8328: $? = 0
configure:8328: result: yes
configure:8328: checking for sys/types.h
configure:8328: gcc -c -g -O2  conftest.c >&5
configure:8328: $? = 0
configure:8328: result: yes
configure:8328: checking for unistd.h
configure:8328: gcc -c -g -O2  conftest.c >&5
configure:8328: $? = 0
configure:8328: result: yes
configure:8353: checking for dlfcn.h
configure:8353: gcc -c -g -O2  conftest.c >&5
conftest.c:50:10: fatal error: dlfcn.h: No such file or directory
   50 | #include <dlfcn.h>
      |          ^~~~~~~~~
compilation terminated.
configure:8353: $? = 1
configure: failed program was:
| /* confdefs.h */
| #define PACKAGE_NAME "libjaylink"
| #define PACKAGE_TARNAME "libjaylink"
| #define PACKAGE_VERSION "0.3.1"
| #define PACKAGE_STRING "libjaylink 0.3.1"
| #define PACKAGE_BUGREPORT "dev@zapb.de"
| #define PACKAGE_URL "https://gitlab.zapb.de/libjaylink/libjaylink.git"
| #define PACKAGE "libjaylink"
| #define VERSION "0.3.1"
| #define HAVE_STDIO_H 1
| #define HAVE_STDLIB_H 1
| #define HAVE_STRING_H 1
| #define HAVE_INTTYPES_H 1
| #define HAVE_STDINT_H 1
| #define HAVE_STRINGS_H 1
| #define HAVE_SYS_STAT_H 1
| #define HAVE_SYS_TYPES_H 1
| #define HAVE_UNISTD_H 1
| #define STDC_HEADERS 1
| /* end confdefs.h.  */
| #include <stddef.h>
| #ifdef HAVE_STDIO_H
| # include <stdio.h>
| #endif
| #ifdef HAVE_STDLIB_H
| # include <stdlib.h>
| #endif
| #ifdef HAVE_STRING_H
| # include <string.h>
| #endif
| #ifdef HAVE_INTTYPES_H
| # include <inttypes.h>
| #endif
| #ifdef HAVE_STDINT_H
| # include <stdint.h>
| #endif
| #ifdef HAVE_STRINGS_H
| # include <strings.h>
| #endif
| #ifdef HAVE_SYS_TYPES_H
| # include <sys/types.h>
| #endif
| #ifdef HAVE_SYS_STAT_H
| # include <sys/stat.h>
| #endif
| #ifdef HAVE_UNISTD_H
| # include <unistd.h>
| #endif
| 
| #include <dlfcn.h>
configure:8353: result: no
configure:8612: checking for objdir
configure:8628: result: .libs
configure:8892: checking if gcc supports -fno-rtti -fno-exceptions
configure:8911: gcc -c -g -O2  -fno-rtti -fno-exceptions conftest.c >&5
cc1.exe: warning: command-line option '-fno-rtti' is valid for C++/D/ObjC++ but not for C
configure:8915: $? = 0
configure:8928: result: no
configure:9286: checking for gcc option to produce PIC
configure:9294: result: -DDLL_EXPORT -DPIC
configure:9302: checking if gcc PIC flag -DDLL_EXPORT -DPIC works
configure:9321: gcc -c -g -O2  -DDLL_EXPORT -DPIC -DPIC conftest.c >&5
configure:9325: $? = 0
configure:9338: result: yes
configure:9367: checking if gcc static flag -static works
configure:9396: result: yes
configure:9411: checking if gcc supports -c -o file.o
configure:9433: gcc -c -g -O2  -o out/conftest2.o conftest.c >&5
configure:9437: $? = 0
configure:9459: result: yes
configure:9467: checking if gcc supports -c -o file.o
configure:9515: result: yes
configure:9548: checking whether the gcc linker (C:/msys64/mingw64/x86_64-w64-mingw32/bin/ld.exe) supports shared libraries
configure:10818: result: yes
configure:10855: checking whether -lc should be explicitly linked in
configure:10864: gcc -c -g -O2  conftest.c >&5
configure:10867: $? = 0
configure:10882: gcc -shared conftest.o  -v -o ./conftest -Wl,--enable-auto-image-base -Xlinker --out-implib -Xlinker conftest 2\>\&1 \| /usr/bin/grep  -lc  \>/dev/null 2\>\&1
configure:10885: $? = 1
configure:10899: result: yes
configure:11059: checking dynamic linker characteristics
configure:11892: result: Win32 ld.exe
configure:12014: checking how to hardcode library paths into programs
configure:12039: result: immediate
configure:12591: checking whether stripping libraries is possible
configure:12596: result: yes
configure:12631: checking if libtool supports shared libraries
configure:12633: result: yes
configure:12636: checking whether to build shared libraries
configure:12661: result: yes
configure:12664: checking whether to build static libraries
configure:12668: result: yes
configure:12766: checking for pkg-config
configure:12789: found /mingw64/bin/pkg-config
configure:12801: result: /mingw64/bin/pkg-config
configure:12826: checking pkg-config is at least version 0.9.0
configure:12829: result: yes
configure:12843: checking for libusb-1.0 >= 1.0.16
configure:12850: $PKG_CONFIG --exists --print-errors "libusb-1.0 >= 1.0.16"
configure:12853: $? = 0
configure:12867: $PKG_CONFIG --exists --print-errors "libusb-1.0 >= 1.0.16"
configure:12870: $? = 0
configure:12884: $PKG_CONFIG --exists --print-errors "libusb-1.0 >= 1.0.16"
configure:12887: $? = 0
configure:12926: result: yes
configure:12941: checking whether byte ordering is bigendian
configure:12957: gcc -c -g -O2  conftest.c >&5
conftest.c:23:16: error: unknown type name 'not'
   23 |                not a universal capable compiler
      |                ^~~
conftest.c:23:22: error: expected '=', ',', ';', 'asm' or '__attribute__' before 'universal'
   23 |                not a universal capable compiler
      |                      ^~~~~~~~~
conftest.c:23:22: error: unknown type name 'universal'
configure:12957: $? = 1
configure: failed program was:
| /* confdefs.h */
| #define PACKAGE_NAME "libjaylink"
| #define PACKAGE_TARNAME "libjaylink"
| #define PACKAGE_VERSION "0.3.1"
| #define PACKAGE_STRING "libjaylink 0.3.1"
| #define PACKAGE_BUGREPORT "dev@zapb.de"
| #define PACKAGE_URL "https://gitlab.zapb.de/libjaylink/libjaylink.git"
| #define PACKAGE "libjaylink"
| #define VERSION "0.3.1"
| #define HAVE_STDIO_H 1
| #define HAVE_STDLIB_H 1
| #define HAVE_STRING_H 1
| #define HAVE_INTTYPES_H 1
| #define HAVE_STDINT_H 1
| #define HAVE_STRINGS_H 1
| #define HAVE_SYS_STAT_H 1
| #define HAVE_SYS_TYPES_H 1
| #define HAVE_UNISTD_H 1
| #define STDC_HEADERS 1
| #define LT_OBJDIR ".libs/"
| /* end confdefs.h.  */
| #ifndef __APPLE_CC__
| 	       not a universal capable compiler
| 	     #endif
| 	     typedef int dummy;
| 
configure:13003: gcc -c -g -O2  conftest.c >&5
configure:13003: $? = 0
configure:13022: gcc -c -g -O2  conftest.c >&5
conftest.c: In function 'main':
conftest.c:29:18: error: unknown type name 'not'; did you mean 'ino_t'?
   29 |                  not big endian
      |                  ^~~
      |                  ino_t
conftest.c:29:26: error: expected '=', ',', ';', 'asm' or '__attribute__' before 'endian'
   29 |                  not big endian
      |                          ^~~~~~
configure:13022: $? = 1
configure: failed program was:
| /* confdefs.h */
| #define PACKAGE_NAME "libjaylink"
| #define PACKAGE_TARNAME "libjaylink"
| #define PACKAGE_VERSION "0.3.1"
| #define PACKAGE_STRING "libjaylink 0.3.1"
| #define PACKAGE_BUGREPORT "dev@zapb.de"
| #define PACKAGE_URL "https://gitlab.zapb.de/libjaylink/libjaylink.git"
| #define PACKAGE "libjaylink"
| #define VERSION "0.3.1"
| #define HAVE_STDIO_H 1
| #define HAVE_STDLIB_H 1
| #define HAVE_STRING_H 1
| #define HAVE_INTTYPES_H 1
| #define HAVE_STDINT_H 1
| #define HAVE_STRINGS_H 1
| #define HAVE_SYS_STAT_H 1
| #define HAVE_SYS_TYPES_H 1
| #define HAVE_UNISTD_H 1
| #define STDC_HEADERS 1
| #define LT_OBJDIR ".libs/"
| /* end confdefs.h.  */
| #include <sys/types.h>
| 		#include <sys/param.h>
| 
| int
| main (void)
| {
| #if BYTE_ORDER != BIG_ENDIAN
| 		 not big endian
| 		#endif
| 
|   ;
|   return 0;
| }
configure:13156: result: no
configure:13428: checking that generated files are newer than configure
configure:13434: result: done
configure:13466: creating ./config.status

## ---------------------- ##
## Running config.status. ##
## ---------------------- ##

This file was extended by libjaylink config.status 0.3.1, which was
generated by GNU Autoconf 2.71.  Invocation command line was

  CONFIG_FILES    = 
  CONFIG_HEADERS  = 
  CONFIG_LINKS    = 
  CONFIG_COMMANDS = 
  $ ./config.status 

on ICT0123753

config.status:1119: creating Makefile
config.status:1119: creating libjaylink/Makefile
config.status:1119: creating libjaylink/version.h
config.status:1119: creating libjaylink.pc
config.status:1119: creating Doxyfile
config.status:1119: creating config.h
config.status:1348: executing depfiles commands
config.status:1425: cd libjaylink       && sed -e '/# am--include-marker/d' Makefile         | make -f - am--depfiles
make: Nothing to be done for 'am--depfiles'.
config.status:1430: $? = 0
config.status:1348: executing libtool commands

## ---------------- ##
## Cache variables. ##
## ---------------- ##

ac_cv_build=x86_64-w64-mingw32
ac_cv_c_bigendian=no
ac_cv_c_compiler_gnu=yes
ac_cv_env_CC_set=
ac_cv_env_CC_value=
ac_cv_env_CFLAGS_set=
ac_cv_env_CFLAGS_value=
ac_cv_env_CPPFLAGS_set=
ac_cv_env_CPPFLAGS_value=
ac_cv_env_LDFLAGS_set=
ac_cv_env_LDFLAGS_value=
ac_cv_env_LIBS_set=
ac_cv_env_LIBS_value=
ac_cv_env_LT_SYS_LIBRARY_PATH_set=
ac_cv_env_LT_SYS_LIBRARY_PATH_value=
ac_cv_env_PKG_CONFIG_LIBDIR_set=
ac_cv_env_PKG_CONFIG_LIBDIR_value=
ac_cv_env_PKG_CONFIG_PATH_set=set
ac_cv_env_PKG_CONFIG_PATH_value=/mingw64/lib/pkgconfig:/mingw64/share/pkgconfig
ac_cv_env_PKG_CONFIG_set=
ac_cv_env_PKG_CONFIG_value=
ac_cv_env_build_alias_set=
ac_cv_env_build_alias_value=
ac_cv_env_host_alias_set=
ac_cv_env_host_alias_value=
ac_cv_env_libusb_CFLAGS_set=
ac_cv_env_libusb_CFLAGS_value=
ac_cv_env_libusb_LIBS_set=
ac_cv_env_libusb_LIBS_value=
ac_cv_env_target_alias_set=
ac_cv_env_target_alias_value=
ac_cv_exeext=.exe
ac_cv_header_dlfcn_h=no
ac_cv_header_inttypes_h=yes
ac_cv_header_stdint_h=yes
ac_cv_header_stdio_h=yes
ac_cv_header_stdlib_h=yes
ac_cv_header_string_h=yes
ac_cv_header_strings_h=yes
ac_cv_header_sys_stat_h=yes
ac_cv_header_sys_types_h=yes
ac_cv_header_unistd_h=yes
ac_cv_host=x86_64-w64-mingw32
ac_cv_objext=o
ac_cv_path_EGREP='/usr/bin/grep -E'
ac_cv_path_FGREP='/usr/bin/grep -F'
ac_cv_path_GREP=/usr/bin/grep
ac_cv_path_SED=/usr/bin/sed
ac_cv_path_ac_pt_PKG_CONFIG=/mingw64/bin/pkg-config
ac_cv_path_install='/usr/bin/install -c'
ac_cv_path_lt_DD=/usr/bin/dd
ac_cv_path_mkdir=/usr/bin/mkdir
ac_cv_prog_AWK=gawk
ac_cv_prog_ac_ct_AR=ar
ac_cv_prog_ac_ct_CC=gcc
ac_cv_prog_ac_ct_DLLTOOL=dlltool
ac_cv_prog_ac_ct_OBJDUMP=objdump
ac_cv_prog_ac_ct_RANLIB=ranlib
ac_cv_prog_ac_ct_STRIP=strip
ac_cv_prog_cc_c11=
ac_cv_prog_cc_g=yes
ac_cv_prog_cc_stdc=
ac_cv_prog_make_make_set=yes
am_cv_CC_dependencies_compiler_type=gcc3
am_cv_ar_interface=ar
am_cv_make_support_nested_variables=yes
am_cv_prog_cc_c_o=yes
lt_cv_ar_at_file=@
lt_cv_archive_cmds_need_lc=yes
lt_cv_deplibs_check_method='file_magic ^x86 archive import|^x86 DLL'
lt_cv_file_magic_cmd=func_win32_libid
lt_cv_file_magic_test_file=
lt_cv_ld_reload_flag=-r
lt_cv_nm_interface='BSD nm'
lt_cv_objdir=.libs
lt_cv_path_LD=C:/msys64/mingw64/x86_64-w64-mingw32/bin/ld.exe
lt_cv_path_NM='/mingw64/bin/nm -B'
lt_cv_path_mainfest_tool=no
lt_cv_prog_compiler_c_o=yes
lt_cv_prog_compiler_pic='-DDLL_EXPORT -DPIC'
lt_cv_prog_compiler_pic_works=yes
lt_cv_prog_compiler_rtti_exceptions=no
lt_cv_prog_compiler_static_works=yes
lt_cv_prog_gnu_ld=yes
lt_cv_sharedlib_from_linklib_cmd=func_cygming_dll_for_implib
lt_cv_sys_global_symbol_pipe='sed -n -e '\''s/^.*[	 ]\([ABCDGIRSTW][ABCDGIRSTW]*\)[	 ][	 ]*\([_A-Za-z][_A-Za-z0-9]*\)\{0,1\}$/\1 \2 \2/p'\'' | sed '\''/ __gnu_lto/d'\'''
lt_cv_sys_global_symbol_to_c_name_address='sed -n -e '\''s/^: \(.*\) .*$/  {"\1", (void *) 0},/p'\'' -e '\''s/^[ABCDGIRSTW][ABCDGIRSTW]* .* \(.*\)$/  {"\1", (void *) \&\1},/p'\'''
lt_cv_sys_global_symbol_to_c_name_address_lib_prefix='sed -n -e '\''s/^: \(.*\) .*$/  {"\1", (void *) 0},/p'\'' -e '\''s/^[ABCDGIRSTW][ABCDGIRSTW]* .* \(lib.*\)$/  {"\1", (void *) \&\1},/p'\'' -e '\''s/^[ABCDGIRSTW][ABCDGIRSTW]* .* \(.*\)$/  {"lib\1", (void *) \&\1},/p'\'''
lt_cv_sys_global_symbol_to_cdecl='sed -n -e '\''s/^T .* \(.*\)$/extern int \1();/p'\'' -e '\''s/^[ABCDGIRSTW][ABCDGIRSTW]* .* \(.*\)$/extern char \1;/p'\'''
lt_cv_sys_global_symbol_to_import=
lt_cv_sys_max_cmd_len=8192
lt_cv_to_host_file_cmd=func_convert_file_msys_to_w32
lt_cv_to_tool_file_cmd=func_convert_file_msys_to_w32
lt_cv_truncate_bin='/usr/bin/dd bs=4096 count=1'
pkg_cv_libusb_CFLAGS='-IC:/msys64/mingw64/include/libusb-1.0 '
pkg_cv_libusb_LIBS='-LC:/msys64/mingw64/lib -lusb-1.0 '
pkg_cv_libusb_VERSION=1.0.26

## ----------------- ##
## Output variables. ##
## ----------------- ##

ACLOCAL='${SHELL} '\''/c/zedboard/openocd/openocd-0.12.0-rc1/openocd-0.12.0-rc1/src/jtag/drivers/libjaylink/build-aux/missing'\'' aclocal-1.16'
AMDEPBACKSLASH='\'
AMDEP_FALSE='#'
AMDEP_TRUE=''
AMTAR='$${TAR-tar}'
AM_BACKSLASH='\'
AM_DEFAULT_V='$(AM_DEFAULT_VERBOSITY)'
AM_DEFAULT_VERBOSITY='1'
AM_LIBTOOLFLAGS='--silent'
AM_V='$(V)'
AR='ar'
AUTOCONF='${SHELL} '\''/c/zedboard/openocd/openocd-0.12.0-rc1/openocd-0.12.0-rc1/src/jtag/drivers/libjaylink/build-aux/missing'\'' autoconf'
AUTOHEADER='${SHELL} '\''/c/zedboard/openocd/openocd-0.12.0-rc1/openocd-0.12.0-rc1/src/jtag/drivers/libjaylink/build-aux/missing'\'' autoheader'
AUTOMAKE='${SHELL} '\''/c/zedboard/openocd/openocd-0.12.0-rc1/openocd-0.12.0-rc1/src/jtag/drivers/libjaylink/build-aux/missing'\'' automake-1.16'
AWK='gawk'
CC='gcc'
CCDEPMODE='depmode=gcc3'
CFLAGS='-g -O2'
CPPFLAGS=''
CSCOPE='cscope'
CTAGS='ctags'
CYGPATH_W='cygpath -w'
DEFS='-DHAVE_CONFIG_H'
DEPDIR='.deps'
DLLTOOL='dlltool'
DSYMUTIL=''
DUMPBIN=''
ECHO_C=''
ECHO_N='-n'
ECHO_T=''
EGREP='/usr/bin/grep -E'
ETAGS='etags'
EXEEXT='.exe'
FGREP='/usr/bin/grep -F'
GREP='/usr/bin/grep'
HAVE_LIBUSB_FALSE='#'
HAVE_LIBUSB_TRUE=''
INSTALL_DATA='${INSTALL} -m 644'
INSTALL_PROGRAM='${INSTALL}'
INSTALL_SCRIPT='${INSTALL}'
INSTALL_STRIP_PROGRAM='$(install_sh) -c -s'
JAYLINK_CFLAGS='-Wall -Wextra -Werror -fvisibility=hidden -D__USE_MINGW_ANSI_STDIO'
JAYLINK_LDFLAGS=''
JAYLINK_LIBS=' -lws2_32'
JAYLINK_PKG_LIBS='libusb-1.0'
JAYLINK_VERSION_LIBRARY='2:0:2'
JAYLINK_VERSION_LIBRARY_AGE='2'
JAYLINK_VERSION_LIBRARY_CURRENT='2'
JAYLINK_VERSION_LIBRARY_REVISION='0'
JAYLINK_VERSION_PACKAGE='0.3.1'
JAYLINK_VERSION_PACKAGE_MAJOR='0'
JAYLINK_VERSION_PACKAGE_MICRO='1'
JAYLINK_VERSION_PACKAGE_MINOR='3'
LD='C:/msys64/mingw64/x86_64-w64-mingw32/bin/ld.exe'
LDFLAGS=''
LIBOBJS=''
LIBS=''
LIBTOOL='$(SHELL) $(top_builddir)/libtool'
LIPO=''
LN_S='cp -pR'
LTLIBOBJS=''
LT_SYS_LIBRARY_PATH=''
MAKEINFO='${SHELL} '\''/c/zedboard/openocd/openocd-0.12.0-rc1/openocd-0.12.0-rc1/src/jtag/drivers/libjaylink/build-aux/missing'\'' makeinfo'
MANIFEST_TOOL=':'
MKDIR_P='/usr/bin/mkdir -p'
NM='/mingw64/bin/nm -B'
NMEDIT=''
OBJDUMP='objdump'
OBJEXT='o'
OTOOL64=''
OTOOL=''
PACKAGE='libjaylink'
PACKAGE_BUGREPORT='dev@zapb.de'
PACKAGE_NAME='libjaylink'
PACKAGE_STRING='libjaylink 0.3.1'
PACKAGE_TARNAME='libjaylink'
PACKAGE_URL='https://gitlab.zapb.de/libjaylink/libjaylink.git'
PACKAGE_VERSION='0.3.1'
PATH_SEPARATOR=':'
PKG_CONFIG='/mingw64/bin/pkg-config'
PKG_CONFIG_LIBDIR=''
PKG_CONFIG_PATH='/mingw64/lib/pkgconfig:/mingw64/share/pkgconfig'
RANLIB='ranlib'
SED='/usr/bin/sed'
SET_MAKE=''
SHELL='/bin/sh'
STRIP='strip'
SUBPROJECT_BUILD_FALSE='#'
SUBPROJECT_BUILD_TRUE=''
VERSION='0.3.1'
ac_ct_AR='ar'
ac_ct_CC='gcc'
ac_ct_DUMPBIN=''
am__EXEEXT_FALSE='#'
am__EXEEXT_TRUE=''
am__fastdepCC_FALSE='#'
am__fastdepCC_TRUE=''
am__include='include'
am__isrc=''
am__leading_dot='.'
am__nodep='_no'
am__quote=''
am__tar='$${TAR-tar} chof - "$$tardir"'
am__untar='$${TAR-tar} xf -'
bindir='${exec_prefix}/bin'
build='x86_64-w64-mingw32'
build_alias='x86_64-w64-mingw32'
build_cpu='x86_64'
build_os='mingw32'
build_vendor='w64'
datadir='${datarootdir}'
datarootdir='${prefix}/share'
docdir='${datarootdir}/doc/${PACKAGE_TARNAME}'
dvidir='${docdir}'
exec_prefix='${prefix}'
host='x86_64-w64-mingw32'
host_alias=''
host_cpu='x86_64'
host_os='mingw32'
host_vendor='w64'
htmldir='${docdir}'
includedir='${prefix}/include'
infodir='${datarootdir}/info'
install_sh='${SHELL} /c/zedboard/openocd/openocd-0.12.0-rc1/openocd-0.12.0-rc1/src/jtag/drivers/libjaylink/build-aux/install-sh'
libdir='${exec_prefix}/lib'
libexecdir='${exec_prefix}/libexec'
libusb_CFLAGS='-IC:/msys64/mingw64/include/libusb-1.0 '
libusb_LIBS='-LC:/msys64/mingw64/lib -lusb-1.0 '
localedir='${datarootdir}/locale'
localstatedir='${prefix}/var'
mandir='${datarootdir}/man'
mkdir_p='$(MKDIR_P)'
oldincludedir='/usr/include'
pdfdir='${docdir}'
prefix='/mingw64'
program_transform_name='s,x,x,'
psdir='${docdir}'
runstatedir='${localstatedir}/run'
sbindir='${exec_prefix}/sbin'
sharedstatedir='${prefix}/com'
sysconfdir='${prefix}/etc'
target_alias=''

## ----------- ##
## confdefs.h. ##
## ----------- ##

/* confdefs.h */
#define PACKAGE_NAME "libjaylink"
#define PACKAGE_TARNAME "libjaylink"
#define PACKAGE_VERSION "0.3.1"
#define PACKAGE_STRING "libjaylink 0.3.1"
#define PACKAGE_BUGREPORT "dev@zapb.de"
#define PACKAGE_URL "https://gitlab.zapb.de/libjaylink/libjaylink.git"
#define PACKAGE "libjaylink"
#define VERSION "0.3.1"
#define HAVE_STDIO_H 1
#define HAVE_STDLIB_H 1
#define HAVE_STRING_H 1
#define HAVE_INTTYPES_H 1
#define HAVE_STDINT_H 1
#define HAVE_STRINGS_H 1
#define HAVE_SYS_STAT_H 1
#define HAVE_SYS_TYPES_H 1
#define HAVE_UNISTD_H 1
#define STDC_HEADERS 1
#define LT_OBJDIR ".libs/"
#define HAVE_LIBUSB 1

configure: exit 0
